#
# A fatal error has been detected by the Java Runtime Environment:
#
#  Internal Error (c1_LIR.cpp:1012), pid=13811, tid=0x0000000000004803
#  Error: ShouldNotReachHere()
#
# JRE version: OpenJDK Runtime Environment (8.0_242) (build 1.8.0_242-release-1644-b3-6222593)
# Java VM: OpenJDK 64-Bit Server VM (25.242-b3-6222593 mixed mode bsd-amd64 compressed oops)
# Failed to write core dump. Core dumps have been disabled. To enable core dumping, try "ulimit -c unlimited" before starting Java again
#
# If you would like to submit a bug report, please visit:
#   http://bugreport.java.com/bugreport/crash.jsp
#

---------------  T H R E A D  ---------------

Current thread (0x00007fd6d3819000):  JavaThread "C1 CompilerThread2" daemon [_thread_in_native, id=18435, stack(0x00007000095ae000,0x00007000096ae000)]

Stack: [0x00007000095ae000,0x00007000096ae000],  sp=0x00007000096ad000,  free space=1020k
Native frames: (J=compiled Java code, j=interpreted, Vv=VM code, C=native code)
V  [libjvm.dylib+0x56516a]
V  [libjvm.dylib+0x1d1ac3]
V  [libjvm.dylib+0xede80]
V  [libjvm.dylib+0x115ce0]
V  [libjvm.dylib+0x11ac76]
V  [libjvm.dylib+0xd5578]
V  [libjvm.dylib+0xd5b3a]
V  [libjvm.dylib+0xd5cec]
V  [libjvm.dylib+0xd5ee3]
V  [libjvm.dylib+0xd69cf]
V  [libjvm.dylib+0x1a3372]
V  [libjvm.dylib+0x1a2882]
V  [libjvm.dylib+0x527e84]
V  [libjvm.dylib+0x527d49]
V  [libjvm.dylib+0x45b9eb]
C  [libsystem_pthread.dylib+0x6109]  _pthread_start+0x94
C  [libsystem_pthread.dylib+0x1b8b]  thread_start+0xf
C  0x0000000000000000


Current CompileTask:
C1:5005324 32285   !   3       com.sun.tools.javac.comp.ConstFold::fold2 (2389 bytes)


---------------  P R O C E S S  ---------------

Java Threads: ( => current thread )
  0x00007fd6d49d7800 JavaThread "Cache worker for Java compile cache (/Users/so/StudioProjects/Go4Lunch/.gradle/5.6.4/javaCompile)" [_thread_blocked, id=34879, stack(0x000070000b60e000,0x000070000b70e000)]
  0x00007fd6db35d800 JavaThread "Cache worker for execution history cache (/Users/so/StudioProjects/Go4Lunch/.gradle/5.6.4/executionHistory)" [_thread_blocked, id=34375, stack(0x000070000b50b000,0x000070000b60b000)]
  0x00007fd6d426f000 JavaThread "Execution worker for ':' Thread 3" [_thread_blocked, id=34123, stack(0x000070000b408000,0x000070000b508000)]
  0x00007fd6d49d7000 JavaThread "Execution worker for ':' Thread 2" [_thread_blocked, id=27959, stack(0x000070000b305000,0x000070000b405000)]
  0x00007fd6d321d800 JavaThread "Execution worker for ':'" [_thread_in_Java, id=25399, stack(0x000070000b202000,0x000070000b302000)]
  0x00007fd6daed6800 JavaThread "Cache worker for file content cache (/Users/so/StudioProjects/Go4Lunch/.gradle/5.6.4/fileContent)" [_thread_blocked, id=33575, stack(0x000070000b0ff000,0x000070000b1ff000)]
  0x00007fd6d2dae000 JavaThread "Cache worker for Build Output Cleanup Cache (/Users/so/StudioProjects/Go4Lunch/.gradle/buildOutputCleanup)" [_thread_blocked, id=35127, stack(0x000070000adf6000,0x000070000aef6000)]
  0x00007fd6d38cd000 JavaThread "Build operations Thread 4" [_thread_blocked, id=39435, stack(0x000070000acf3000,0x000070000adf3000)]
  0x00007fd6d7ffb000 JavaThread "Build operations Thread 3" [_thread_blocked, id=22087, stack(0x000070000abf0000,0x000070000acf0000)]
  0x00007fd6d2dad000 JavaThread "Build operations Thread 2" [_thread_blocked, id=22335, stack(0x000070000aaed000,0x000070000abed000)]
  0x00007fd6d37f9000 JavaThread "Build operations" [_thread_blocked, id=27191, stack(0x000070000a9ea000,0x000070000aaea000)]
  0x00007fd6d5d44000 JavaThread "Cache worker for cache directory md-rule (/Users/so/.gradle/caches/5.6.4/md-rule)" [_thread_blocked, id=38207, stack(0x000070000a7e4000,0x000070000a8e4000)]
  0x00007fd6d4c25000 JavaThread "Cache worker for cache directory md-supplier (/Users/so/.gradle/caches/5.6.4/md-supplier)" [_thread_blocked, id=31803, stack(0x000070000a6e1000,0x000070000a7e1000)]
  0x00007fd6d61c9800 JavaThread "Cache worker for file hash cache (/Users/so/StudioProjects/Go4Lunch/.gradle/5.6.4/fileHashes)" [_thread_blocked, id=36911, stack(0x000070000a5de000,0x000070000a6de000)]
  0x00007fd6daed1800 JavaThread "Thread-359" [_thread_blocked, id=40451, stack(0x000070000a1d2000,0x000070000a2d2000)]
  0x00007fd6d58ea000 JavaThread "Stdin handler" [_thread_blocked, id=39747, stack(0x000070000a0cf000,0x000070000a1cf000)]
  0x00007fd6d5c34800 JavaThread "Asynchronous log dispatcher for DefaultDaemonConnection: socket connection from /127.0.0.1:58626 to /127.0.0.1:60829" [_thread_blocked, id=37431, stack(0x0000700009fcc000,0x000070000a0cc000)]
  0x00007fd6dae9b800 JavaThread "Daemon worker Thread 15" [_thread_blocked, id=24383, stack(0x0000700009ec9000,0x0000700009fc9000)]
  0x00007fd6d5f0e800 JavaThread "Cancel handler" [_thread_blocked, id=25647, stack(0x0000700009dc6000,0x0000700009ec6000)]
  0x00007fd6d68a8800 JavaThread "Handler for socket connection from /127.0.0.1:58626 to /127.0.0.1:60829" [_thread_in_native, id=41531, stack(0x0000700009cc3000,0x0000700009dc3000)]
  0x00007fd6d938a000 JavaThread "Daemon Thread 15" [_thread_blocked, id=16443, stack(0x0000700009bc0000,0x0000700009cc0000)]
  0x00007fd6daa50800 JavaThread "Cache worker for Java compile cache (/Users/so/.gradle/caches/5.6.4/javaCompile)" [_thread_blocked, id=35847, stack(0x000070000bb1d000,0x000070000bc1d000)]
  0x00007fd6d28e9800 JavaThread "Cache worker for file content cache (/Users/so/.gradle/caches/5.6.4/fileContent)" [_thread_blocked, id=38659, stack(0x000070000affc000,0x000070000b0fc000)]
  0x00007fd6d3a49800 JavaThread "Memory manager" [_thread_blocked, id=39171, stack(0x000070000aef9000,0x000070000aff9000)]
  0x00007fd6d82ba000 JavaThread "Cache worker for execution history cache (/Users/so/.gradle/caches/5.6.4/executionHistory)" [_thread_blocked, id=40963, stack(0x000070000a8e7000,0x000070000a9e7000)]
  0x00007fd6d2948800 JavaThread "Cache worker for journal cache (/Users/so/.gradle/caches/journal-1)" [_thread_blocked, id=41987, stack(0x000070000a4db000,0x000070000a5db000)]
  0x00007fd6d297a800 JavaThread "File lock request listener" [_thread_in_native, id=23811, stack(0x000070000a3d8000,0x000070000a4d8000)]
  0x00007fd6d32f7800 JavaThread "Cache worker for file hash cache (/Users/so/.gradle/caches/5.6.4/fileHashes)" [_thread_blocked, id=42499, stack(0x000070000a2d5000,0x000070000a3d5000)]
  0x00007fd6d2cbc000 JavaThread "Daemon periodic checks" [_thread_blocked, id=16643, stack(0x0000700009abd000,0x0000700009bbd000)]
  0x00007fd6d31b3800 JavaThread "Incoming local TCP Connector on port 58626" [_thread_in_native, id=16899, stack(0x00007000099ba000,0x0000700009aba000)]
  0x00007fd6d37ea000 JavaThread "Daemon health stats" [_thread_blocked, id=14851, stack(0x00007000098b7000,0x00007000099b7000)]
  0x00007fd6d4030800 JavaThread "Service Thread" daemon [_thread_blocked, id=17923, stack(0x00007000096b1000,0x00007000097b1000)]
=>0x00007fd6d3819000 JavaThread "C1 CompilerThread2" daemon [_thread_in_native, id=18435, stack(0x00007000095ae000,0x00007000096ae000)]
  0x00007fd6d4015800 JavaThread "C2 CompilerThread1" daemon [_thread_blocked, id=14083, stack(0x00007000094ab000,0x00007000095ab000)]
  0x00007fd6d4014000 JavaThread "C2 CompilerThread0" daemon [_thread_blocked, id=13827, stack(0x00007000093a8000,0x00007000094a8000)]
  0x00007fd6d4013000 JavaThread "Signal Dispatcher" daemon [_thread_blocked, id=19203, stack(0x00007000092a5000,0x00007000093a5000)]
  0x00007fd6d2811800 JavaThread "Finalizer" daemon [_thread_blocked, id=20739, stack(0x000070000909c000,0x000070000919c000)]
  0x00007fd6d2808800 JavaThread "Reference Handler" daemon [_thread_blocked, id=20995, stack(0x0000700008f99000,0x0000700009099000)]
  0x00007fd6d3809000 JavaThread "main" [_thread_blocked, id=3587, stack(0x0000700008987000,0x0000700008a87000)]

Other Threads:
  0x00007fd6d304f000 VMThread [stack: 0x0000700008e96000,0x0000700008f96000] [id=21251]
  0x00007fd6d3851800 WatcherThread [stack: 0x00007000097b4000,0x00007000098b4000] [id=17411]

VM state:not at safepoint (normal execution)

VM Mutex/Monitor currently owned by a thread: None

heap address: 0x0000000760000000, size: 1536 MB, Compressed Oops mode: Zero based, Oop shift amount: 3
Narrow klass base: 0x0000000000000000, Narrow klass shift: 3
Compressed class space size: 1073741824 Address: 0x00000007c0000000

Heap:
 PSYoungGen      total 393728K, used 90614K [0x00000007a0000000, 0x00000007bdb00000, 0x00000007c0000000)
  eden space 329216K, 15% used [0x00000007a0000000,0x00000007a30f40f8,0x00000007b4180000)
  from space 64512K, 62% used [0x00000007b4180000,0x00000007b6909900,0x00000007b8080000)
  to   space 65536K, 0% used [0x00000007b9b00000,0x00000007b9b00000,0x00000007bdb00000)
 ParOldGen       total 308224K, used 172675K [0x0000000760000000, 0x0000000772d00000, 0x00000007a0000000)
  object space 308224K, 56% used [0x0000000760000000,0x000000076a8a0e58,0x0000000772d00000)
 Metaspace       used 124514K, capacity 132566K, committed 132736K, reserved 1165312K
  class space    used 15493K, capacity 17176K, committed 17280K, reserved 1048576K

Card table byte_map: [0x000000010aa8f000,0x000000010ad90000] byte_map_base: 0x0000000106f8f000

Marking Bits: (ParMarkBitMap*) 0x000000010a0273f8
 Begin Bits: [0x000000011bab5000, 0x000000011d2b5000)
 End Bits:   [0x000000011d2b5000, 0x000000011eab5000)

Polling page: 0x0000000108fbd000

CodeCache: size=245760Kb used=80823Kb max_used=80906Kb free=164936Kb
 bounds [0x000000010cab5000, 0x0000000111a55000, 0x000000011bab5000]
 total_blobs=24059 nmethods=23111 adapters=860
 compilation: enabled

Compilation events (10 events):
Event: 5005.088 Thread 0x00007fd6d4015800 32281       4       java.io.FileInputStream::finalize (22 bytes)
Event: 5005.091 Thread 0x00007fd6d3819000 32282       3       java.util.zip.ZipFile::finalize (5 bytes)
Event: 5005.092 Thread 0x00007fd6d3819000 nmethod 32282 0x00000001114005d0 code [0x0000000111400740, 0x0000000111400948]
Event: 5005.096 Thread 0x00007fd6d4015800 nmethod 32281 0x00000001110d7f90 code [0x00000001110d8120, 0x00000001110d88f8]
Event: 5005.140 Thread 0x00007fd6d4014000 nmethod 32280 0x0000000110fd7bd0 code [0x0000000110fd80e0, 0x0000000110fda0b8]
Event: 5005.204 Thread 0x00007fd6d3819000 32283       1       com.sun.tools.javac.processing.JavacProcessingEnvironment::access$1000 (5 bytes)
Event: 5005.204 Thread 0x00007fd6d3819000 nmethod 32283 0x00000001119e1090 code [0x00000001119e11e0, 0x00000001119e12d0]
Event: 5005.241 Thread 0x00007fd6d3819000 32284       3       com.sun.tools.javac.comp.Check$CycleChecker::visitIdent (13 bytes)
Event: 5005.242 Thread 0x00007fd6d3819000 nmethod 32284 0x000000010ec572d0 code [0x000000010ec57440, 0x000000010ec576a8]
Event: 5005.291 Thread 0x00007fd6d3819000 32285   !   3       com.sun.tools.javac.comp.ConstFold::fold2 (2389 bytes)

GC Heap History (10 events):
Event: 3707.700 GC heap before
{Heap before GC invocations=48 (full 5):
 PSYoungGen      total 429568K, used 383449K [0x00000007a0000000, 0x00000007c0000000, 0x00000007c0000000)
  eden space 350208K, 100% used [0x00000007a0000000,0x00000007b5600000,0x00000007b5600000)
  from space 79360K, 41% used [0x00000007ba000000,0x00000007bc0767e8,0x00000007bed80000)
  to   space 75776K, 0% used [0x00000007b5600000,0x00000007b5600000,0x00000007ba000000)
 ParOldGen       total 308224K, used 172635K [0x0000000760000000, 0x0000000772d00000, 0x00000007a0000000)
  object space 308224K, 56% used [0x0000000760000000,0x000000076a896e58,0x0000000772d00000)
 Metaspace       used 117087K, capacity 123778K, committed 123904K, reserved 1157120K
  class space    used 14586K, capacity 16026K, committed 16128K, reserved 1048576K
Event: 3707.748 GC heap after
Heap after GC invocations=48 (full 5):
 PSYoungGen      total 425984K, used 22205K [0x00000007a0000000, 0x00000007bf580000, 0x00000007c0000000)
  eden space 350208K, 0% used [0x00000007a0000000,0x00000007a0000000,0x00000007b5600000)
  from space 75776K, 29% used [0x00000007b5600000,0x00000007b6baf488,0x00000007ba000000)
  to   space 72192K, 0% used [0x00000007baf00000,0x00000007baf00000,0x00000007bf580000)
 ParOldGen       total 308224K, used 172643K [0x0000000760000000, 0x0000000772d00000, 0x00000007a0000000)
  object space 308224K, 56% used [0x0000000760000000,0x000000076a898e58,0x0000000772d00000)
 Metaspace       used 117087K, capacity 123778K, committed 123904K, reserved 1157120K
  class space    used 14586K, capacity 16026K, committed 16128K, reserved 1048576K
}
Event: 4106.026 GC heap before
{Heap before GC invocations=49 (full 5):
 PSYoungGen      total 425984K, used 372413K [0x00000007a0000000, 0x00000007bf580000, 0x00000007c0000000)
  eden space 350208K, 100% used [0x00000007a0000000,0x00000007b5600000,0x00000007b5600000)
  from space 75776K, 29% used [0x00000007b5600000,0x00000007b6baf488,0x00000007ba000000)
  to   space 72192K, 0% used [0x00000007baf00000,0x00000007baf00000,0x00000007bf580000)
 ParOldGen       total 308224K, used 172643K [0x0000000760000000, 0x0000000772d00000, 0x00000007a0000000)
  object space 308224K, 56% used [0x0000000760000000,0x000000076a898e58,0x0000000772d00000)
 Metaspace       used 118250K, capacity 125048K, committed 125312K, reserved 1159168K
  class space    used 14693K, capacity 16167K, committed 16256K, reserved 1048576K
Event: 4106.141 GC heap after
Heap after GC invocations=49 (full 5):
 PSYoungGen      total 371712K, used 28163K [0x00000007a0000000, 0x00000007bcf80000, 0x00000007c0000000)
  eden space 338432K, 0% used [0x00000007a0000000,0x00000007a0000000,0x00000007b4a80000)
  from space 33280K, 84% used [0x00000007baf00000,0x00000007bca80ff0,0x00000007bcf80000)
  to   space 68096K, 0% used [0x00000007b4a80000,0x00000007b4a80000,0x00000007b8d00000)
 ParOldGen       total 308224K, used 172651K [0x0000000760000000, 0x0000000772d00000, 0x00000007a0000000)
  object space 308224K, 56% used [0x0000000760000000,0x000000076a89ae58,0x0000000772d00000)
 Metaspace       used 118250K, capacity 125048K, committed 125312K, reserved 1159168K
  class space    used 14693K, capacity 16167K, committed 16256K, reserved 1048576K
}
Event: 4143.596 GC heap before
{Heap before GC invocations=50 (full 5):
 PSYoungGen      total 371712K, used 366595K [0x00000007a0000000, 0x00000007bcf80000, 0x00000007c0000000)
  eden space 338432K, 100% used [0x00000007a0000000,0x00000007b4a80000,0x00000007b4a80000)
  from space 33280K, 84% used [0x00000007baf00000,0x00000007bca80ff0,0x00000007bcf80000)
  to   space 68096K, 0% used [0x00000007b4a80000,0x00000007b4a80000,0x00000007b8d00000)
 ParOldGen       total 308224K, used 172651K [0x0000000760000000, 0x0000000772d00000, 0x00000007a0000000)
  object space 308224K, 56% used [0x0000000760000000,0x000000076a89ae58,0x0000000772d00000)
 Metaspace       used 118333K, capacity 125166K, committed 125312K, reserved 1159168K
  class space    used 14699K, capacity 16176K, committed 16256K, reserved 1048576K
Event: 4143.659 GC heap after
Heap after GC invocations=50 (full 5):
 PSYoungGen      total 342016K, used 14504K [0x00000007a0000000, 0x00000007bc180000, 0x00000007c0000000)
  eden space 327168K, 0% used [0x00000007a0000000,0x00000007a0000000,0x00000007b3f80000)
  from space 14848K, 97% used [0x00000007b4a80000,0x00000007b58aa1d0,0x00000007b5900000)
  to   space 66560K, 0% used [0x00000007b8080000,0x00000007b8080000,0x00000007bc180000)
 ParOldGen       total 308224K, used 172659K [0x0000000760000000, 0x0000000772d00000, 0x00000007a0000000)
  object space 308224K, 56% used [0x0000000760000000,0x000000076a89ce58,0x0000000772d00000)
 Metaspace       used 118333K, capacity 125166K, committed 125312K, reserved 1159168K
  class space    used 14699K, capacity 16176K, committed 16256K, reserved 1048576K
}
Event: 4146.803 GC heap before
{Heap before GC invocations=51 (full 5):
 PSYoungGen      total 342016K, used 341672K [0x00000007a0000000, 0x00000007bc180000, 0x00000007c0000000)
  eden space 327168K, 100% used [0x00000007a0000000,0x00000007b3f80000,0x00000007b3f80000)
  from space 14848K, 97% used [0x00000007b4a80000,0x00000007b58aa1d0,0x00000007b5900000)
  to   space 66560K, 0% used [0x00000007b8080000,0x00000007b8080000,0x00000007bc180000)
 ParOldGen       total 308224K, used 172659K [0x0000000760000000, 0x0000000772d00000, 0x00000007a0000000)
  object space 308224K, 56% used [0x0000000760000000,0x000000076a89ce58,0x0000000772d00000)
 Metaspace       used 119389K, capacity 126276K, committed 126464K, reserved 1159168K
  class space    used 14804K, capacity 16313K, committed 16384K, reserved 1048576K
Event: 4146.902 GC heap after
Heap after GC invocations=51 (full 5):
 PSYoungGen      total 395776K, used 32707K [0x00000007a0000000, 0x00000007bdc00000, 0x00000007c0000000)
  eden space 329216K, 0% used [0x00000007a0000000,0x00000007a0000000,0x00000007b4180000)
  from space 66560K, 49% used [0x00000007b8080000,0x00000007ba070ea0,0x00000007bc180000)
  to   space 64512K, 0% used [0x00000007b4180000,0x00000007b4180000,0x00000007b8080000)
 ParOldGen       total 308224K, used 172667K [0x0000000760000000, 0x0000000772d00000, 0x00000007a0000000)
  object space 308224K, 56% used [0x0000000760000000,0x000000076a89ee58,0x0000000772d00000)
 Metaspace       used 119389K, capacity 126276K, committed 126464K, reserved 1159168K
  class space    used 14804K, capacity 16313K, committed 16384K, reserved 1048576K
}
Event: 5004.947 GC heap before
{Heap before GC invocations=52 (full 5):
 PSYoungGen      total 395776K, used 361923K [0x00000007a0000000, 0x00000007bdc00000, 0x00000007c0000000)
  eden space 329216K, 100% used [0x00000007a0000000,0x00000007b4180000,0x00000007b4180000)
  from space 66560K, 49% used [0x00000007b8080000,0x00000007ba070ea0,0x00000007bc180000)
  to   space 64512K, 0% used [0x00000007b4180000,0x00000007b4180000,0x00000007b8080000)
 ParOldGen       total 308224K, used 172667K [0x0000000760000000, 0x0000000772d00000, 0x00000007a0000000)
  object space 308224K, 56% used [0x0000000760000000,0x000000076a89ee58,0x0000000772d00000)
 Metaspace       used 124511K, capacity 132566K, committed 132736K, reserved 1165312K
  class space    used 15493K, capacity 17176K, committed 17280K, reserved 1048576K
Event: 5005.081 GC heap after
Heap after GC invocations=52 (full 5):
 PSYoungGen      total 393728K, used 40486K [0x00000007a0000000, 0x00000007bdb00000, 0x00000007c0000000)
  eden space 329216K, 0% used [0x00000007a0000000,0x00000007a0000000,0x00000007b4180000)
  from space 64512K, 62% used [0x00000007b4180000,0x00000007b6909900,0x00000007b8080000)
  to   space 65536K, 0% used [0x00000007b9b00000,0x00000007b9b00000,0x00000007bdb00000)
 ParOldGen       total 308224K, used 172675K [0x0000000760000000, 0x0000000772d00000, 0x00000007a0000000)
  object space 308224K, 56% used [0x0000000760000000,0x000000076a8a0e58,0x0000000772d00000)
 Metaspace       used 124511K, capacity 132566K, committed 132736K, reserved 1165312K
  class space    used 15493K, capacity 17176K, committed 17280K, reserved 1048576K
}

Deoptimization events (10 events):
Event: 5000.690 Thread 0x00007fd6dae9b800 Uncommon trap: reason=class_check action=maybe_recompile pc=0x000000010ce015d0 method=com.google.common.io.CountingInputStream.read()I @ 4
Event: 5000.690 Thread 0x00007fd6dae9b800 Uncommon trap: reason=class_check action=maybe_recompile pc=0x000000010d029ae8 method=com.google.common.io.CountingInputStream.read([BII)I @ 7
Event: 5000.690 Thread 0x00007fd6dae9b800 Uncommon trap: reason=class_check action=maybe_recompile pc=0x000000010d029ae8 method=com.google.common.io.CountingInputStream.read([BII)I @ 7
Event: 5000.692 Thread 0x00007fd6dae9b800 Uncommon trap: reason=class_check action=maybe_recompile pc=0x000000010d029ae8 method=com.google.common.io.CountingInputStream.read([BII)I @ 7
Event: 5000.701 Thread 0x00007fd6dae9b800 Uncommon trap: reason=class_check action=maybe_recompile pc=0x000000010f98cc80 method=org.gradle.api.internal.artifacts.ivyservice.ivyresolve.ErrorHandlingModuleComponentRepository$ErrorHandlingModuleComponentRepositoryAccess.performOperationWithRetries(L
Event: 5000.735 Thread 0x00007fd6dae9b800 Uncommon trap: reason=class_check action=maybe_recompile pc=0x000000010e3e25ac method=java.lang.StringCoding.encode(Ljava/nio/charset/Charset;[CII)[B @ 1
Event: 5000.735 Thread 0x00007fd6dae9b800 Uncommon trap: reason=bimorphic action=maybe_recompile pc=0x000000010ee3a754 method=java.nio.charset.CharsetEncoder.replaceWith([B)Ljava/nio/charset/CharsetEncoder; @ 53
Event: 5000.835 Thread 0x00007fd6dae9b800 Uncommon trap: reason=class_check action=maybe_recompile pc=0x000000010e3e25ac method=java.lang.StringCoding.encode(Ljava/nio/charset/Charset;[CII)[B @ 1
Event: 5000.836 Thread 0x00007fd6dae9b800 Uncommon trap: reason=bimorphic action=maybe_recompile pc=0x000000010ee3a754 method=java.nio.charset.CharsetEncoder.replaceWith([B)Ljava/nio/charset/CharsetEncoder; @ 53
Event: 5000.889 Thread 0x00007fd6dae9b800 Uncommon trap: reason=class_check action=maybe_recompile pc=0x000000010d029ae8 method=com.google.common.io.CountingInputStream.read([BII)I @ 7

Classes redefined (0 events):
No events

Internal exceptions (10 events):
Event: 4147.125 Thread 0x00007fd6d6217000 Exception <a 'sun/nio/fs/UnixException'> (0x00000007a159d4b8) thrown at [/Volumes/Android/buildbot/src/googleplex-android/openjdk/out/hotspot/src/share/vm/prims/jni.cpp, line 710]
Event: 4147.411 Thread 0x00007fd6d938a000 Implicit null exception at 0x00000001117157e4 to 0x000000011171689d
Event: 4147.411 Thread 0x00007fd6d938a000 Implicit null exception at 0x000000010ffadffc to 0x000000010ffae4d1
Event: 4147.411 Thread 0x00007fd6d938a000 Implicit null exception at 0x000000010db1da2e to 0x000000010db1df91
Event: 4147.411 Thread 0x00007fd6d938a000 Implicit null exception at 0x000000010d8d76f8 to 0x000000010d8d7bd5
Event: 4147.411 Thread 0x00007fd6d938a000 Implicit null exception at 0x0000000110c7af38 to 0x0000000110c7afbd
Event: 4999.694 Thread 0x00007fd6dae9b800 Implicit null exception at 0x000000010d16964c to 0x000000010d16d339
Event: 5000.575 Thread 0x00007fd6dae9b800 Implicit null exception at 0x000000010eeccd38 to 0x000000010eecce75
Event: 5000.648 Thread 0x00007fd6dae9b800 Implicit null exception at 0x000000010f1cd7fd to 0x000000010f1cdbb1
Event: 5000.649 Thread 0x00007fd6dae9b800 Implicit null exception at 0x0000000110eabfcd to 0x0000000110ead59d

Events (10 events):
Event: 5004.940 loading class com/bumptech/glide/annotation/compiler/GlideExtensionValidator
Event: 5004.940 loading class com/bumptech/glide/annotation/compiler/GlideExtensionValidator done
Event: 5004.941 loading class com/bumptech/glide/annotation/GlideModule
Event: 5004.941 loading class com/bumptech/glide/annotation/GlideModule done
Event: 5004.942 loading class com/bumptech/glide/annotation/GlideExtension
Event: 5004.942 loading class com/bumptech/glide/annotation/GlideExtension done
Event: 5004.947 Executing VM operation: ParallelGCFailedAllocation
Event: 5005.081 Executing VM operation: ParallelGCFailedAllocation done
Event: 5005.088 Thread 0x00007fd6d2808800 DEOPT PACKING pc=0x00000001100a2005 sp=0x0000700009098ac0
Event: 5005.088 Thread 0x00007fd6d2808800 DEOPT UNPACKING pc=0x000000010cafc4c4 sp=0x0000700009098810 mode 0


Dynamic libraries:
0x00007fff2e0e3000 	/System/Library/Frameworks/Cocoa.framework/Versions/A/Cocoa
0x00007fff3b8c0000 	/System/Library/Frameworks/Security.framework/Versions/A/Security
0x00007fff2d04d000 	/System/Library/Frameworks/ApplicationServices.framework/Versions/A/ApplicationServices
0x00007fff6846a000 	/usr/lib/libz.1.dylib
0x00007fff65f2e000 	/usr/lib/libSystem.B.dylib
0x00007fff2ef7e000 	/System/Library/Frameworks/CoreFoundation.framework/Versions/A/CoreFoundation
0x00007fff31634000 	/System/Library/Frameworks/Foundation.framework/Versions/C/Foundation
0x00007fff67d8e000 	/usr/lib/libobjc.A.dylib
0x00007fff2c23e000 	/System/Library/Frameworks/AppKit.framework/Versions/C/AppKit
0x00007fff2ea67000 	/System/Library/Frameworks/CoreData.framework/Versions/A/CoreData
0x00007fff5ff4f000 	/System/Library/PrivateFrameworks/UIFoundation.framework/Versions/A/UIFoundation
0x00007fff5affd000 	/System/Library/PrivateFrameworks/RemoteViewServices.framework/Versions/A/RemoteViewServices
0x00007fff62aa3000 	/System/Library/PrivateFrameworks/XCTTargetBootstrap.framework/Versions/A/XCTTargetBootstrap
0x00007fff2ee52000 	/System/Library/Frameworks/CoreDisplay.framework/Versions/A/CoreDisplay
0x00007fff344ed000 	/System/Library/Frameworks/Metal.framework/Versions/A/Metal
0x00007fff49056000 	/System/Library/PrivateFrameworks/DesktopServicesPriv.framework/Versions/A/DesktopServicesPriv
0x00007fff6706b000 	/usr/lib/liblangid.dylib
0x00007fff482ef000 	/System/Library/PrivateFrameworks/CoreSVG.framework/Versions/A/CoreSVG
0x00007fff5e153000 	/System/Library/PrivateFrameworks/SkyLight.framework/Versions/A/SkyLight
0x00007fff2f3ff000 	/System/Library/Frameworks/CoreGraphics.framework/Versions/A/CoreGraphics
0x00007fff2ac12000 	/System/Library/Frameworks/Accelerate.framework/Versions/A/Accelerate
0x00007fff6835b000 	/usr/lib/libxml2.2.dylib
0x00007fff53faf000 	/System/Library/PrivateFrameworks/IconServices.framework/Versions/A/IconServices
0x00007fff31e13000 	/System/Library/Frameworks/IOSurface.framework/Versions/A/IOSurface
0x00007fff65a58000 	/usr/lib/libDiagnosticMessagesClient.dylib
0x00007fff48eb0000 	/System/Library/PrivateFrameworks/DFRFoundation.framework/Versions/A/DFRFoundation
0x00007fff66dfa000 	/usr/lib/libicucore.A.dylib
0x00007fff2d37f000 	/System/Library/Frameworks/AudioToolbox.framework/Versions/A/AudioToolbox
0x00007fff2d462000 	/System/Library/Frameworks/AudioUnit.framework/Versions/A/AudioUnit
0x00007fff66130000 	/usr/lib/libauto.dylib
0x00007fff48f52000 	/System/Library/PrivateFrameworks/DataDetectorsCore.framework/Versions/A/DataDetectorsCore
0x00007fff2dc04000 	/System/Library/Frameworks/Carbon.framework/Versions/A/Frameworks/HIToolbox.framework/Versions/A/HIToolbox
0x00007fff3aabd000 	/System/Library/Frameworks/QuartzCore.framework/Versions/A/QuartzCore
0x00007fff2df43000 	/System/Library/Frameworks/Carbon.framework/Versions/A/Frameworks/SpeechRecognition.framework/Versions/A/SpeechRecognition
0x00007fff489c7000 	/System/Library/PrivateFrameworks/CoreUI.framework/Versions/A/CoreUI
0x00007fff2e4d2000 	/System/Library/Frameworks/CoreAudio.framework/Versions/A/CoreAudio
0x00007fff312f9000 	/System/Library/Frameworks/DiskArbitration.framework/Versions/A/DiskArbitration
0x00007fff55ffc000 	/System/Library/PrivateFrameworks/MultitouchSupport.framework/Versions/A/MultitouchSupport
0x00007fff66cc1000 	/usr/lib/libenergytrace.dylib
0x00007fff31d6d000 	/System/Library/Frameworks/IOKit.framework/Versions/A/IOKit
0x00007fff30366000 	/System/Library/Frameworks/CoreServices.framework/Versions/A/CoreServices
0x00007fff58193000 	/System/Library/PrivateFrameworks/PerformanceAnalysis.framework/Versions/A/PerformanceAnalysis
0x00007fff39af0000 	/System/Library/Frameworks/OpenGL.framework/Versions/A/OpenGL
0x00007fff2e0f1000 	/System/Library/Frameworks/ColorSync.framework/Versions/A/ColorSync
0x00007fff2fa81000 	/System/Library/Frameworks/CoreImage.framework/Versions/A/CoreImage
0x00007fff30dd8000 	/System/Library/Frameworks/CoreText.framework/Versions/A/CoreText
0x00007fff31ea3000 	/System/Library/Frameworks/ImageIO.framework/Versions/A/ImageIO
0x00007fff66214000 	/usr/lib/libc++.1.dylib
0x00007fff66290000 	/usr/lib/libcompression.dylib
0x00007fff65d9c000 	/usr/lib/libMobileGestalt.dylib
0x00007fff5fcc8000 	/System/Library/PrivateFrameworks/TextureIO.framework/Versions/A/TextureIO
0x00007fff66093000 	/usr/lib/libate.dylib
0x00007fff541b8000 	/System/Library/PrivateFrameworks/InternationalSupport.framework/Versions/A/InternationalSupport
0x00007fff68d2a000 	/usr/lib/system/libcache.dylib
0x00007fff68d30000 	/usr/lib/system/libcommonCrypto.dylib
0x00007fff68d3c000 	/usr/lib/system/libcompiler_rt.dylib
0x00007fff68d44000 	/usr/lib/system/libcopyfile.dylib
0x00007fff68d4e000 	/usr/lib/system/libcorecrypto.dylib
0x00007fff68eed000 	/usr/lib/system/libdispatch.dylib
0x00007fff68f2e000 	/usr/lib/system/libdyld.dylib
0x00007fff68f65000 	/usr/lib/system/libkeymgr.dylib
0x00007fff68f73000 	/usr/lib/system/liblaunch.dylib
0x00007fff68f74000 	/usr/lib/system/libmacho.dylib
0x00007fff68f7a000 	/usr/lib/system/libquarantine.dylib
0x00007fff68f7d000 	/usr/lib/system/libremovefile.dylib
0x00007fff68f7f000 	/usr/lib/system/libsystem_asl.dylib
0x00007fff68f97000 	/usr/lib/system/libsystem_blocks.dylib
0x00007fff68f98000 	/usr/lib/system/libsystem_c.dylib
0x00007fff69020000 	/usr/lib/system/libsystem_configuration.dylib
0x00007fff69024000 	/usr/lib/system/libsystem_coreservices.dylib
0x00007fff69028000 	/usr/lib/system/libsystem_darwin.dylib
0x00007fff69031000 	/usr/lib/system/libsystem_dnssd.dylib
0x00007fff69039000 	/usr/lib/system/libsystem_featureflags.dylib
0x00007fff6903b000 	/usr/lib/system/libsystem_info.dylib
0x00007fff690b6000 	/usr/lib/system/libsystem_m.dylib
0x00007fff690fe000 	/usr/lib/system/libsystem_malloc.dylib
0x00007fff69126000 	/usr/lib/system/libsystem_networkextension.dylib
0x00007fff69134000 	/usr/lib/system/libsystem_notify.dylib
0x00007fff69152000 	/usr/lib/system/libsystem_sandbox.dylib
0x00007fff69157000 	/usr/lib/system/libsystem_secinit.dylib
0x00007fff69089000 	/usr/lib/system/libsystem_kernel.dylib
0x00007fff6913e000 	/usr/lib/system/libsystem_platform.dylib
0x00007fff69147000 	/usr/lib/system/libsystem_pthread.dylib
0x00007fff6915a000 	/usr/lib/system/libsystem_symptoms.dylib
0x00007fff69162000 	/usr/lib/system/libsystem_trace.dylib
0x00007fff6917a000 	/usr/lib/system/libunwind.dylib
0x00007fff69180000 	/usr/lib/system/libxpc.dylib
0x00007fff66267000 	/usr/lib/libc++abi.dylib
0x00007fff6706d000 	/usr/lib/liblzma.5.dylib
0x00007fff66ce8000 	/usr/lib/libfakelink.dylib
0x00007fff66020000 	/usr/lib/libarchive.2.dylib
0x00007fff3c970000 	/System/Library/Frameworks/SystemConfiguration.framework/Versions/A/SystemConfiguration
0x00007fff6598b000 	/usr/lib/libCRFSuite.dylib
0x00007fff2d7f5000 	/System/Library/Frameworks/CFNetwork.framework/Versions/A/CFNetwork
0x00007fff661f6000 	/usr/lib/libbsm.0.dylib
0x00007fff68f66000 	/usr/lib/system/libkxld.dylib
0x00007fff42885000 	/System/Library/PrivateFrameworks/AppleFSCompression.framework/Versions/A/AppleFSCompression
0x00007fff66581000 	/usr/lib/libcoretls.dylib
0x00007fff66598000 	/usr/lib/libcoretls_cfhelpers.dylib
0x00007fff67dd4000 	/usr/lib/libpam.2.dylib
0x00007fff67f09000 	/usr/lib/libsqlite3.dylib
0x00007fff68348000 	/usr/lib/libxar.1.dylib
0x00007fff66207000 	/usr/lib/libbz2.1.0.dylib
0x00007fff66d09000 	/usr/lib/libiconv.2.dylib
0x00007fff6627d000 	/usr/lib/libcharset.1.dylib
0x00007fff67873000 	/usr/lib/libnetwork.dylib
0x00007fff67ddb000 	/usr/lib/libpcap.A.dylib
0x00007fff65fd5000 	/usr/lib/libapple_nghttp2.dylib
0x00007fff3071d000 	/System/Library/Frameworks/CoreServices.framework/Versions/A/Frameworks/FSEvents.framework/Versions/A/FSEvents
0x00007fff303ed000 	/System/Library/Frameworks/CoreServices.framework/Versions/A/Frameworks/CarbonCore.framework/Versions/A/CarbonCore
0x00007fff30960000 	/System/Library/Frameworks/CoreServices.framework/Versions/A/Frameworks/Metadata.framework/Versions/A/Metadata
0x00007fff309f9000 	/System/Library/Frameworks/CoreServices.framework/Versions/A/Frameworks/OSServices.framework/Versions/A/OSServices
0x00007fff30a27000 	/System/Library/Frameworks/CoreServices.framework/Versions/A/Frameworks/SearchKit.framework/Versions/A/SearchKit
0x00007fff30367000 	/System/Library/Frameworks/CoreServices.framework/Versions/A/Frameworks/AE.framework/Versions/A/AE
0x00007fff30726000 	/System/Library/Frameworks/CoreServices.framework/Versions/A/Frameworks/LaunchServices.framework/Versions/A/LaunchServices
0x00007fff306cf000 	/System/Library/Frameworks/CoreServices.framework/Versions/A/Frameworks/DictionaryServices.framework/Versions/A/DictionaryServices
0x00007fff30a8f000 	/System/Library/Frameworks/CoreServices.framework/Versions/A/Frameworks/SharedFileList.framework/Versions/A/SharedFileList
0x00007fff35910000 	/System/Library/Frameworks/NetFS.framework/Versions/A/NetFS
0x00007fff5652b000 	/System/Library/PrivateFrameworks/NetAuth.framework/Versions/A/NetAuth
0x00007fff62e70000 	/System/Library/PrivateFrameworks/login.framework/Versions/A/Frameworks/loginsupport.framework/Versions/A/loginsupport
0x00007fff5f795000 	/System/Library/PrivateFrameworks/TCC.framework/Versions/A/TCC
0x00007fff47462000 	/System/Library/PrivateFrameworks/CoreNLP.framework/Versions/A/CoreNLP
0x00007fff55a2a000 	/System/Library/PrivateFrameworks/MetadataUtilities.framework/Versions/A/MetadataUtilities
0x00007fff67145000 	/usr/lib/libmecabra.dylib
0x00007fff6709d000 	/usr/lib/libmecab.dylib
0x00007fff66cf9000 	/usr/lib/libgermantok.dylib
0x00007fff65fbc000 	/usr/lib/libThaiTokenizer.dylib
0x00007fff659c2000 	/usr/lib/libChineseTokenizer.dylib
0x00007fff2ac2a000 	/System/Library/Frameworks/Accelerate.framework/Versions/A/Frameworks/vImage.framework/Versions/A/vImage
0x00007fff2c094000 	/System/Library/Frameworks/Accelerate.framework/Versions/A/Frameworks/vecLib.framework/Versions/A/vecLib
0x00007fff2bfd1000 	/System/Library/Frameworks/Accelerate.framework/Versions/A/Frameworks/vecLib.framework/Versions/A/libvMisc.dylib
0x00007fff2bdf9000 	/System/Library/Frameworks/Accelerate.framework/Versions/A/Frameworks/vecLib.framework/Versions/A/libvDSP.dylib
0x00007fff2b281000 	/System/Library/Frameworks/Accelerate.framework/Versions/A/Frameworks/vecLib.framework/Versions/A/libBLAS.dylib
0x00007fff2b9bd000 	/System/Library/Frameworks/Accelerate.framework/Versions/A/Frameworks/vecLib.framework/Versions/A/libLAPACK.dylib
0x00007fff2bd59000 	/System/Library/Frameworks/Accelerate.framework/Versions/A/Frameworks/vecLib.framework/Versions/A/libLinearAlgebra.dylib
0x00007fff2bde6000 	/System/Library/Frameworks/Accelerate.framework/Versions/A/Frameworks/vecLib.framework/Versions/A/libSparseBLAS.dylib
0x00007fff2bd6f000 	/System/Library/Frameworks/Accelerate.framework/Versions/A/Frameworks/vecLib.framework/Versions/A/libQuadrature.dylib
0x00007fff2b4e9000 	/System/Library/Frameworks/Accelerate.framework/Versions/A/Frameworks/vecLib.framework/Versions/A/libBNNS.dylib
0x00007fff2bd75000 	/System/Library/Frameworks/Accelerate.framework/Versions/A/Frameworks/vecLib.framework/Versions/A/libSparse.dylib
0x00007fff545a0000 	/System/Library/PrivateFrameworks/LanguageModeling.framework/Versions/A/LanguageModeling
0x00007fff46e12000 	/System/Library/PrivateFrameworks/CoreEmoji.framework/Versions/A/CoreEmoji
0x00007fff546be000 	/System/Library/PrivateFrameworks/LinguisticData.framework/Versions/A/LinguisticData
0x00007fff5466f000 	/System/Library/PrivateFrameworks/Lexicon.framework/Versions/A/Lexicon
0x00007fff6627e000 	/usr/lib/libcmph.dylib
0x00007fff384fe000 	/System/Library/Frameworks/OpenDirectory.framework/Versions/A/Frameworks/CFOpenDirectory.framework/Versions/A/CFOpenDirectory
0x00007fff3851b000 	/System/Library/Frameworks/OpenDirectory.framework/Versions/A/OpenDirectory
0x00007fff4093b000 	/System/Library/PrivateFrameworks/APFS.framework/Versions/A/APFS
0x00007fff3bc0a000 	/System/Library/Frameworks/SecurityFoundation.framework/Versions/A/SecurityFoundation
0x00007fff68344000 	/usr/lib/libutil.dylib
0x00007fff48347000 	/System/Library/PrivateFrameworks/CoreServicesStore.framework/Versions/A/CoreServicesStore
0x00007fff3bcc1000 	/System/Library/Frameworks/ServiceManagement.framework/Versions/A/ServiceManagement
0x00007fff44053000 	/System/Library/PrivateFrameworks/BackgroundTaskManagement.framework/Versions/A/BackgroundTaskManagement
0x00007fff68441000 	/usr/lib/libxslt.1.dylib
0x00007fff42ef7000 	/System/Library/PrivateFrameworks/AppleSystemInfo.framework/Versions/A/AppleSystemInfo
0x00007fff320be000 	/System/Library/Frameworks/ImageIO.framework/Versions/A/Resources/libJPEG.dylib
0x00007fff3237a000 	/System/Library/Frameworks/ImageIO.framework/Versions/A/Resources/libTIFF.dylib
0x00007fff3235d000 	/System/Library/Frameworks/ImageIO.framework/Versions/A/Resources/libPng.dylib
0x00007fff32000000 	/System/Library/Frameworks/ImageIO.framework/Versions/A/Resources/libGIF.dylib
0x00007fff32004000 	/System/Library/Frameworks/ImageIO.framework/Versions/A/Resources/libJP2.dylib
0x00007fff32378000 	/System/Library/Frameworks/ImageIO.framework/Versions/A/Resources/libRadiance.dylib
0x00007fff66cc2000 	/usr/lib/libexpat.1.dylib
0x00007fff429e0000 	/System/Library/PrivateFrameworks/AppleJPEG.framework/Versions/A/AppleJPEG
0x00007fff4b622000 	/System/Library/PrivateFrameworks/FontServices.framework/libFontParser.dylib
0x00007fff61e76000 	/System/Library/PrivateFrameworks/WatchdogClient.framework/Versions/A/WatchdogClient
0x00007fff53bfc000 	/System/Library/PrivateFrameworks/IOAccelerator.framework/Versions/A/IOAccelerator
0x00007fff34888000 	/System/Library/Frameworks/MetalPerformanceShaders.framework/Versions/A/MetalPerformanceShaders
0x00007fff50395000 	/System/Library/PrivateFrameworks/GPUWrangler.framework/Versions/A/GPUWrangler
0x00007fff53c11000 	/System/Library/PrivateFrameworks/IOPresentment.framework/Versions/A/IOPresentment
0x00007fff48ec3000 	/System/Library/PrivateFrameworks/DSExternalDisplay.framework/Versions/A/DSExternalDisplay
0x00007fff38e8f000 	/System/Library/Frameworks/OpenGL.framework/Versions/A/Libraries/libCoreFSCache.dylib
0x00007fff345d4000 	/System/Library/Frameworks/MetalPerformanceShaders.framework/Frameworks/MPSCore.framework/Versions/A/MPSCore
0x00007fff34612000 	/System/Library/Frameworks/MetalPerformanceShaders.framework/Frameworks/MPSImage.framework/Versions/A/MPSImage
0x00007fff346d9000 	/System/Library/Frameworks/MetalPerformanceShaders.framework/Frameworks/MPSNeuralNetwork.framework/Versions/A/MPSNeuralNetwork
0x00007fff3469d000 	/System/Library/Frameworks/MetalPerformanceShaders.framework/Frameworks/MPSMatrix.framework/Versions/A/MPSMatrix
0x00007fff34838000 	/System/Library/Frameworks/MetalPerformanceShaders.framework/Frameworks/MPSRayIntersector.framework/Versions/A/MPSRayIntersector
0x00007fff346c3000 	/System/Library/Frameworks/MetalPerformanceShaders.framework/Frameworks/MPSNDArray.framework/Versions/A/MPSNDArray
0x00007fff55a77000 	/System/Library/PrivateFrameworks/MetalTools.framework/Versions/A/MetalTools
0x00007fff41b0d000 	/System/Library/PrivateFrameworks/AggregateDictionary.framework/Versions/A/AggregateDictionary
0x00007fff4686c000 	/System/Library/PrivateFrameworks/CoreAnalytics.framework/Versions/A/CoreAnalytics
0x00007fff42e16000 	/System/Library/PrivateFrameworks/AppleSauce.framework/Versions/A/AppleSauce
0x00007fff65c7e000 	/usr/lib/libIOReport.dylib
0x00007fff30f90000 	/System/Library/Frameworks/CoreVideo.framework/Versions/A/CoreVideo
0x00007fff5180f000 	/System/Library/PrivateFrameworks/GraphVisualizer.framework/Versions/A/GraphVisualizer
0x00007fff4ab76000 	/System/Library/PrivateFrameworks/FaceCore.framework/Versions/A/FaceCore
0x00007fff384a5000 	/System/Library/Frameworks/OpenCL.framework/Versions/A/OpenCL
0x00007fff65aa0000 	/usr/lib/libFosl_dynamic.dylib
0x00007fff56f40000 	/System/Library/PrivateFrameworks/OTSVG.framework/Versions/A/OTSVG
0x00007fff2d152000 	/System/Library/Frameworks/ApplicationServices.framework/Versions/A/Frameworks/ATS.framework/Versions/A/Resources/libFontRegistry.dylib
0x00007fff4b7f3000 	/System/Library/PrivateFrameworks/FontServices.framework/libhvf.dylib
0x00007fff38e9a000 	/System/Library/Frameworks/OpenGL.framework/Versions/A/Libraries/libGFXShared.dylib
0x00007fff39078000 	/System/Library/Frameworks/OpenGL.framework/Versions/A/Libraries/libGLU.dylib
0x00007fff38ea3000 	/System/Library/Frameworks/OpenGL.framework/Versions/A/Libraries/libGL.dylib
0x00007fff38eae000 	/System/Library/Frameworks/OpenGL.framework/Versions/A/Libraries/libGLImage.dylib
0x00007fff38e8c000 	/System/Library/Frameworks/OpenGL.framework/Versions/A/Libraries/libCVMSPluginSupport.dylib
0x00007fff38e95000 	/System/Library/Frameworks/OpenGL.framework/Versions/A/Libraries/libCoreVMClient.dylib
0x00007fff67714000 	/usr/lib/libncurses.5.4.dylib
0x00007fff2d04e000 	/System/Library/Frameworks/ApplicationServices.framework/Versions/A/Frameworks/ATS.framework/Versions/A/ATS
0x00007fff2d21b000 	/System/Library/Frameworks/ApplicationServices.framework/Versions/A/Frameworks/ColorSyncLegacy.framework/Versions/A/ColorSyncLegacy
0x00007fff2d2b9000 	/System/Library/Frameworks/ApplicationServices.framework/Versions/A/Frameworks/HIServices.framework/Versions/A/HIServices
0x00007fff2d311000 	/System/Library/Frameworks/ApplicationServices.framework/Versions/A/Frameworks/LangAnalysis.framework/Versions/A/LangAnalysis
0x00007fff2d320000 	/System/Library/Frameworks/ApplicationServices.framework/Versions/A/Frameworks/PrintCore.framework/Versions/A/PrintCore
0x00007fff2d366000 	/System/Library/Frameworks/ApplicationServices.framework/Versions/A/Frameworks/QD.framework/Versions/A/QD
0x00007fff2d371000 	/System/Library/Frameworks/ApplicationServices.framework/Versions/A/Frameworks/SpeechSynthesis.framework/Versions/A/SpeechSynthesis
0x00007fff2d1eb000 	/System/Library/Frameworks/ApplicationServices.framework/Versions/A/Frameworks/ATSUI.framework/Versions/A/ATSUI
0x00007fff66b56000 	/usr/lib/libcups.2.dylib
0x00007fff33925000 	/System/Library/Frameworks/Kerberos.framework/Versions/A/Kerberos
0x00007fff31a66000 	/System/Library/Frameworks/GSS.framework/Versions/A/GSS
0x00007fff67e95000 	/usr/lib/libresolv.9.dylib
0x00007fff519bd000 	/System/Library/PrivateFrameworks/Heimdal.framework/Versions/A/Heimdal
0x00007fff33938000 	/System/Library/Frameworks/Kerberos.framework/Versions/A/Libraries/libHeimdalProxy.dylib
0x00007fff66cff000 	/usr/lib/libheimdal-asn1.dylib
0x00007fff45d05000 	/System/Library/PrivateFrameworks/CommonAuth.framework/Versions/A/CommonAuth
0x00007fff42f94000 	/System/Library/PrivateFrameworks/AssertionServices.framework/Versions/A/AssertionServices
0x00007fff43b36000 	/System/Library/PrivateFrameworks/AudioToolboxCore.framework/Versions/A/AudioToolboxCore
0x00007fff62b20000 	/System/Library/PrivateFrameworks/caulk.framework/Versions/A/caulk
0x00007fff440ff000 	/System/Library/PrivateFrameworks/BaseBoard.framework/Versions/A/BaseBoard
0x00007fff5b18b000 	/System/Library/PrivateFrameworks/RunningBoardServices.framework/Versions/A/RunningBoardServices
0x00007fff5819f000 	/System/Library/PrivateFrameworks/PersistentConnection.framework/Versions/A/PersistentConnection
0x00007fff5ab85000 	/System/Library/PrivateFrameworks/ProtocolBuffer.framework/Versions/A/ProtocolBuffer
0x00007fff45d29000 	/System/Library/PrivateFrameworks/CommonUtilities.framework/Versions/A/CommonUtilities
0x00007fff4428d000 	/System/Library/PrivateFrameworks/Bom.framework/Versions/A/Bom
0x00007fff65951000 	/usr/lib/libAudioToolboxUtility.dylib
0x00007fff4405d000 	/System/Library/PrivateFrameworks/Backup.framework/Versions/A/Backup
0x00007fff48de4000 	/System/Library/PrivateFrameworks/CrashReporterSupport.framework/Versions/A/CrashReporterSupport
0x00007fff5cc19000 	/System/Library/PrivateFrameworks/Sharing.framework/Versions/A/Sharing
0x00007fff425a3000 	/System/Library/PrivateFrameworks/Apple80211.framework/Versions/A/Apple80211
0x00007fff43d7a000 	/System/Library/PrivateFrameworks/AuthKit.framework/Versions/A/AuthKit
0x00007fff48af4000 	/System/Library/PrivateFrameworks/CoreUtils.framework/Versions/A/CoreUtils
0x00007fff30fd5000 	/System/Library/Frameworks/CoreWLAN.framework/Versions/A/CoreWLAN
0x00007fff31bf3000 	/System/Library/Frameworks/IOBluetooth.framework/Versions/A/IOBluetooth
0x00007fff55d7b000 	/System/Library/PrivateFrameworks/MobileKeyBag.framework/Versions/A/MobileKeyBag
0x00007fff478fa000 	/System/Library/PrivateFrameworks/CorePhoneNumbers.framework/Versions/A/CorePhoneNumbers
0x00007fff42993000 	/System/Library/PrivateFrameworks/AppleIDAuthSupport.framework/Versions/A/AppleIDAuthSupport
0x00007fff3591d000 	/System/Library/Frameworks/Network.framework/Versions/A/Network
0x00007fff5444c000 	/System/Library/PrivateFrameworks/KeychainCircle.framework/Versions/A/KeychainCircle
0x00007fff2ea2e000 	/System/Library/Frameworks/CoreBluetooth.framework/Versions/A/CoreBluetooth
0x00007fff5ec96000 	/System/Library/PrivateFrameworks/SpeechRecognitionCore.framework/Versions/A/SpeechRecognitionCore
0x0000000109800000 	/private/var/folders/bp/_459t3116k392bcszwvrj3dr0000gn/T/AppTranslocation/CBA94AC6-25C9-42E8-8C82-32051B04DDA0/d/Android Studio 4.0 Preview.app/Contents/jre/jdk/Contents/Home/jre/lib/server/libjvm.dylib
0x00007fff68217000 	/usr/lib/libstdc++.6.dylib
0x0000000108f61000 	/private/var/folders/bp/_459t3116k392bcszwvrj3dr0000gn/T/AppTranslocation/CBA94AC6-25C9-42E8-8C82-32051B04DDA0/d/Android Studio 4.0 Preview.app/Contents/jre/jdk/Contents/Home/jre/lib/libverify.dylib
0x0000000108f73000 	/private/var/folders/bp/_459t3116k392bcszwvrj3dr0000gn/T/AppTranslocation/CBA94AC6-25C9-42E8-8C82-32051B04DDA0/d/Android Studio 4.0 Preview.app/Contents/jre/jdk/Contents/Home/jre/lib/libjava.dylib
0x000000010a6c0000 	/private/var/folders/bp/_459t3116k392bcszwvrj3dr0000gn/T/AppTranslocation/CBA94AC6-25C9-42E8-8C82-32051B04DDA0/d/Android Studio 4.0 Preview.app/Contents/jre/jdk/Contents/Home/jre/lib/libzip.dylib
0x00000001209fb000 	/private/var/folders/bp/_459t3116k392bcszwvrj3dr0000gn/T/AppTranslocation/CBA94AC6-25C9-42E8-8C82-32051B04DDA0/d/Android Studio 4.0 Preview.app/Contents/jre/jdk/Contents/Home/jre/lib/libnio.dylib
0x0000000120a16000 	/private/var/folders/bp/_459t3116k392bcszwvrj3dr0000gn/T/AppTranslocation/CBA94AC6-25C9-42E8-8C82-32051B04DDA0/d/Android Studio 4.0 Preview.app/Contents/jre/jdk/Contents/Home/jre/lib/libnet.dylib
0x00000001209e0000 	/Users/so/.gradle/native/30/osx-amd64/libnative-platform.dylib
0x0000000121468000 	/private/var/folders/bp/_459t3116k392bcszwvrj3dr0000gn/T/AppTranslocation/CBA94AC6-25C9-42E8-8C82-32051B04DDA0/d/Android Studio 4.0 Preview.app/Contents/jre/jdk/Contents/Home/jre/lib/libmanagement.dylib
0x0000000123334000 	/private/var/folders/bp/_459t3116k392bcszwvrj3dr0000gn/T/AppTranslocation/CBA94AC6-25C9-42E8-8C82-32051B04DDA0/d/Android Studio 4.0 Preview.app/Contents/jre/jdk/Contents/Home/jre/lib/libsunec.dylib

VM Arguments:
jvm_args: -Xmx1536m -Dfile.encoding=UTF-8 -Duser.country=FR -Duser.language=fr -Duser.variant 
java_command: org.gradle.launcher.daemon.bootstrap.GradleDaemon 5.6.4
java_class_path (initial): /Users/so/.gradle/wrapper/dists/gradle-5.6.4-all/ankdp27end7byghfw1q2sw75f/gradle-5.6.4/lib/gradle-launcher-5.6.4.jar
Launcher Type: SUN_STANDARD

Environment Variables:
PATH=/usr/local/bin:/usr/bin:/bin:/usr/sbin:/sbin:/Library/Apple/usr/bin
SHELL=/bin/zsh

Signal Handlers:
SIGSEGV: [libjvm.dylib+0x565c43], sa_mask[0]=11111111011111110111111111111111, sa_flags=SA_ONSTACK|SA_RESTART|SA_SIGINFO
SIGBUS: [libjvm.dylib+0x565c43], sa_mask[0]=11111111011111110111111111111111, sa_flags=SA_RESTART|SA_SIGINFO
SIGFPE: [libjvm.dylib+0x45dd9d], sa_mask[0]=11111111011111110111111111111111, sa_flags=SA_RESTART|SA_SIGINFO
SIGPIPE: [libjvm.dylib+0x45dd9d], sa_mask[0]=11111111011111110111111111111111, sa_flags=SA_RESTART|SA_SIGINFO
SIGXFSZ: [libjvm.dylib+0x45dd9d], sa_mask[0]=11111111011111110111111111111111, sa_flags=SA_RESTART|SA_SIGINFO
SIGILL: [libjvm.dylib+0x45dd9d], sa_mask[0]=11111111011111110111111111111111, sa_flags=SA_RESTART|SA_SIGINFO
SIGUSR1: SIG_DFL, sa_mask[0]=00000000000000000000000000000000, sa_flags=none
SIGUSR2: [libjvm.dylib+0x45e69c], sa_mask[0]=00100000000000000000000000000000, sa_flags=SA_RESTART|SA_SIGINFO
SIGHUP: [libjvm.dylib+0x45c8c1], sa_mask[0]=11111111011111110111111111111111, sa_flags=SA_RESTART|SA_SIGINFO
SIGINT: [libjvm.dylib+0x45c8c1], sa_mask[0]=11111111011111110111111111111111, sa_flags=SA_RESTART|SA_SIGINFO
SIGTERM: [libjvm.dylib+0x45c8c1], sa_mask[0]=11111111011111110111111111111111, sa_flags=SA_RESTART|SA_SIGINFO
SIGQUIT: [libjvm.dylib+0x45c8c1], sa_mask[0]=11111111011111110111111111111111, sa_flags=SA_RESTART|SA_SIGINFO


---------------  S Y S T E M  ---------------

OS:Bsduname:Darwin 19.4.0 Darwin Kernel Version 19.4.0: Wed Mar  4 22:28:40 PST 2020; root:xnu-6153.101.6~15/RELEASE_X86_64 x86_64
rlimit: STACK 8192k, CORE 0k, NPROC 1392, NOFILE 10240, AS infinity
load average:3.54 2.79 2.83

CPU:total 4 (initial active 4) (2 cores per cpu, 2 threads per core) family 6 model 61 stepping 4, cmov, cx8, fxsr, mmx, sse, sse2, sse3, ssse3, sse4.1, sse4.2, popcnt, avx, avx2, aes, clmul, erms, 3dnowpref, lzcnt, ht, tsc, tscinvbit, bmi1, bmi2, adx

Memory: 4k page, physical 8388608k(183468k free)

/proc/meminfo:


vm_info: OpenJDK 64-Bit Server VM (25.242-b3-6222593) for bsd-amd64 JRE (1.8.0_242-release-1644-b3-6222593), built by "android-build" with gcc 4.2.1 Compatible Android (5484270 based on r353983c) Clang 9.0.3 (https://android.googlesource.com/toolchain/clang 745b335211bb9eadfa6aa6301f84715cee4b37c5) (https://android.googlesource.com/toolchain/llvm 60cf23e54e46c807513f7a36d0a7b777920b5881)

time: Sat May  9 01:24:04 2020
timezone: CEST
elapsed time: 5005 seconds (0d 1h 23m 25s)

