#
# A fatal error has been detected by the Java Runtime Environment:
#
#  SIGSEGV (0xb) at pc=0x00000001030cb7d7, pid=656, tid=0x0000000000006f83
#
# JRE version: OpenJDK Runtime Environment (8.0_242) (build 1.8.0_242-release-1644-b3-6222593)
# Java VM: OpenJDK 64-Bit Server VM (25.242-b3-6222593 mixed mode bsd-amd64 compressed oops)
# Problematic frame:
# V  [libjvm.dylib+0x2cb7d7]  JavaCalls::call_special(JavaValue*, KlassHandle, Symbol*, Symbol*, JavaCallArguments*, Thread*)+0x2d
#
# Failed to write core dump. Core dumps have been disabled. To enable core dumping, try "ulimit -c unlimited" before starting Java again
#
# If you would like to submit a bug report, please visit:
#   http://bugreport.java.com/bugreport/crash.jsp
#

---------------  T H R E A D  ---------------

Current thread (0x00007fc8b5f07800):  JavaThread "WorkerExecutor Queue Thread 2" [_thread_in_vm, id=28547, stack(0x0000700004138000,0x0000700004238000)]

siginfo: si_signo: 11 (SIGSEGV), si_code: 0 (unknown), si_addr: 0x0000000000000000

Registers:
RAX=0x0000000103647800, RBX=0x00007fc8b5f07800, RCX=0x00000001080a37f0, RDX=0x00000007c0011e20
RSP=0x0000700004236138, RBP=0x00007000042361d8, RSI=0x00000007c0011e20, RDI=0x0000700004236138
R8 =0x00000001080a5370, R9 =0x00007fc8b5f07800, R10=0x00000007a352ab78, R11=0x0000000000000003
R12=0x00007fc8b5f07800, R13=0x00007000042361e8, R14=0x0000700004236320, R15=0x0000700004236320
RIP=0x00000001030cb7d7, EFLAGS=0x0000000000010212, ERR=0x0000000000000000
  TRAPNO=0x000000000000000d

Top of Stack: (sp=0x0000700004236138)
0x0000700004236138:   00007fc8b5f07800 0000000000000004
0x0000700004236148:   0000000000000004 0000000000000021
0x0000700004236158:   00007000042361b8 000000010309577d
0x0000700004236168:   0000000000000003 00007fc8b5f07800
0x0000700004236178:   00000007a3578038 000000210309452e
0x0000700004236188:   0000000000000005 00007fc8b5f07800
0x0000700004236198:   00000007a3578038 00007fc8b5f07800
0x00007000042361a8:   00000007a3578038 00007fc8b5f07800
0x00007000042361b8:   00000007c0011e20 00007fc8b7236a98
0x00007000042361c8:   0000700004236320 0000000000000000
0x00007000042361d8:   0000700004236228 0000000103029101
0x00007000042361e8:   000000000000000e 0000000000000100
0x00007000042361f8:   00000001080a5370 00007fc8b5f07800
0x0000700004236208:   0000000000000000 00007fc8b5f07800
0x0000700004236218:   00000007a3577030 0000000000000000
0x0000700004236228:   00007000042362e8 0000000103029468
0x0000700004236238:   000000000000bffe 8000000000000000
0x0000700004236248:   0000000000004007 c060000000000000
0x0000700004236258:   000000000000400a 00000007b0192eb0
0x0000700004236268:   0000000000000000 00000000f46aee06
0x0000700004236278:   0000000000000000 40aa55a402988b8c
0x0000700004236288:   0000000000000000 0000000000000000
0x0000700004236298:   0000000000000000 0000000000000000
0x00007000042362a8:   0000000000000000 00000000f45cf6c9
0x00007000042362b8:   0000000000000000 a1f10249049500ac
0x00007000042362c8:   0000000000000000 0000000000000000
0x00007000042362d8:   00000007a3577030 00007fc8b5f07800
0x00007000042362e8:   00007000042363c8 0000000103028d4c
0x00007000042362f8:   0000000000000000 00000000000001c5
0x0000700004236308:   0000000000000000 0000000000000000
0x0000700004236318:   0000000000000000 00007fc8b7236a98
0x0000700004236328:   0000000000000000 0000000000000000 

Instructions: (pc=0x00000001030cb7d7)
0x00000001030cb7b7:   48 83 ec 78 4d 89 cc 4d 89 c7 49 89 c8 48 89 d1
0x00000001030cb7c7:   48 89 f2 49 89 fd 0f 57 c0 48 8d bd 60 ff ff ff
0x00000001030cb7d7:   0f 29 47 20 0f 29 47 10 0f 29 07 31 db 48 89 5f
0x00000001030cb7e7:   40 48 89 5f 38 49 8b 47 58 48 8b 30 45 31 c9 41 

Register to memory mapping:

RAX=0x0000000103647800: _ZN9vmSymbols8_symbolsE+0 in /private/var/folders/bp/_459t3116k392bcszwvrj3dr0000gn/T/AppTranslocation/CBA94AC6-25C9-42E8-8C82-32051B04DDA0/d/Android Studio 4.0 Preview.app/Contents/jre/jdk/Contents/Home/jre/lib/server/libjvm.dylib at 0x0000000102e00000
RBX=0x00007fc8b5f07800 is a thread
RCX=0x00000001080a37f0 is an unknown value
RDX=0x00000007c0011e20 is pointing into metadata
RSP=0x0000700004236138 is pointing into the stack for thread: 0x00007fc8b5f07800
RBP=0x00007000042361d8 is pointing into the stack for thread: 0x00007fc8b5f07800
RSI=0x00000007c0011e20 is pointing into metadata
RDI=0x0000700004236138 is pointing into the stack for thread: 0x00007fc8b5f07800
R8 =0x00000001080a5370 is an unknown value
R9 =0x00007fc8b5f07800 is a thread
R10=0x00000007a352ab78 is an oop
com.android.tools.r8.shaking.Enqueuer 
 - klass: 'com/android/tools/r8/shaking/Enqueuer'
R11=0x0000000000000003 is an unknown value
R12=0x00007fc8b5f07800 is a thread
R13=0x00007000042361e8 is pointing into the stack for thread: 0x00007fc8b5f07800
R14=0x0000700004236320 is pointing into the stack for thread: 0x00007fc8b5f07800
R15=0x0000700004236320 is pointing into the stack for thread: 0x00007fc8b5f07800


Stack: [0x0000700004138000,0x0000700004238000],  sp=0x0000700004236138,  free space=1016k
Native frames: (J=compiled Java code, j=interpreted, Vv=VM code, C=native code)
V  [libjvm.dylib+0x2cb7d7]  JavaCalls::call_special(JavaValue*, KlassHandle, Symbol*, Symbol*, JavaCallArguments*, Thread*)+0x2d
V  [libjvm.dylib+0x229101]  Exceptions::new_exception(Thread*, Symbol*, Symbol*, JavaCallArguments*, Handle, Handle)+0xbf
V  [libjvm.dylib+0x229468]  Exceptions::new_exception(Thread*, Symbol*, Symbol*, JavaCallArguments*, Handle, Handle, Handle)+0x38
V  [libjvm.dylib+0x228d4c]  Exceptions::new_exception(Thread*, Symbol*, char const*, Handle, Handle, Handle, Exceptions::ExceptionMsgToUtf8Mode)+0xe6
V  [libjvm.dylib+0x229578]  Exceptions::new_exception(Thread*, Symbol*, char const*, Exceptions::ExceptionMsgToUtf8Mode)+0x18
V  [libjvm.dylib+0x4b856c]  SharedRuntime::throw_and_post_jvmti_exception(JavaThread*, Symbol*, char const*)+0x10
V  [libjvm.dylib+0x128a95]  Runtime1::throw_null_pointer_exception(JavaThread*)+0x31
v  ~RuntimeStub::throw_null_pointer_exception Runtime1 stub
J 35434 C1 com.android.tools.r8.shaking.Enqueuer.ensureFromLibraryOrThrow(Lcom/android/tools/r8/graph/e0;Lcom/android/tools/r8/graph/C;)V (156 bytes) @ 0x000000010d64e4b5 [0x000000010d64cfa0+0x1515]
J 45707 C2 com.android.tools.r8.shaking.Enqueuer.markTypeAsLive(Lcom/android/tools/r8/graph/e0;Lcom/android/tools/r8/shaking/KeepReason;)V (68 bytes) @ 0x00000001098e5164 [0x00000001098e4aa0+0x6c4]
C  0x00000007a3576a88

Java frames: (J=compiled Java code, j=interpreted, Vv=VM code)
v  ~RuntimeStub::throw_null_pointer_exception Runtime1 stub
J 35434 C1 com.android.tools.r8.shaking.Enqueuer.ensureFromLibraryOrThrow(Lcom/android/tools/r8/graph/e0;Lcom/android/tools/r8/graph/C;)V (156 bytes) @ 0x000000010d64e4b5 [0x000000010d64cfa0+0x1515]
J 45707 C2 com.android.tools.r8.shaking.Enqueuer.markTypeAsLive(Lcom/android/tools/r8/graph/e0;Lcom/android/tools/r8/shaking/KeepReason;)V (68 bytes) @ 0x00000001098e5164 [0x00000001098e4aa0+0x6c4]
C  0x00000007a3576a88
C  0x4803e2c14814578b

[error occurred during error reporting (printing Java stack), id 0xb]


---------------  P R O C E S S  ---------------

Java Threads: ( => current thread )
  0x00007fc8b1839800 JavaThread "ForkJoinPool.commonPool-worker-3" daemon [_thread_blocked, id=32091, stack(0x0000700004f8d000,0x000070000508d000)]
  0x00007fc8b30a9800 JavaThread "WorkerExecutor Queue Thread 7" [_thread_blocked, id=34115, stack(0x0000700005090000,0x0000700005190000)]
  0x00007fc8b29da000 JavaThread "ForkJoinPool.commonPool-worker-1" daemon [_thread_blocked, id=27951, stack(0x0000700004e8a000,0x0000700004f8a000)]
  0x00007fc8ae6f1000 JavaThread "ForkJoinPool.commonPool-worker-0" daemon [_thread_blocked, id=40247, stack(0x0000700004d87000,0x0000700004e87000)]
  0x00007fc8b325a000 JavaThread "WorkerExecutor Queue Thread 6" [_thread_blocked, id=35747, stack(0x000070000433e000,0x000070000443e000)]
  0x00007fc8ae490000 JavaThread "Cache worker for Java compile cache (/Users/so/StudioProjects/Go4Lunch/.gradle/5.6.4/javaCompile)" [_thread_blocked, id=36031, stack(0x0000700004035000,0x0000700004135000)]
  0x00007fc8b324e800 JavaThread "stdout" [_thread_in_native, id=32603, stack(0x0000700004c84000,0x0000700004d84000)]
  0x00007fc8b0091800 JavaThread "stderr" [_thread_in_native, id=27423, stack(0x0000700004b81000,0x0000700004c81000)]
  0x00007fc8b53a0800 JavaThread "process reaper" daemon [_thread_in_native, id=31751, stack(0x0000700004b56000,0x0000700004b7e000)]
  0x00007fc8b1be7800 JavaThread "stdout" [_thread_in_native, id=15623, stack(0x0000700004a53000,0x0000700004b53000)]
  0x00007fc8b0582000 JavaThread "stderr" [_thread_in_native, id=29391, stack(0x0000700004950000,0x0000700004a50000)]
  0x00007fc8b0076800 JavaThread "stdout" [_thread_in_native, id=20419, stack(0x000070000484d000,0x000070000494d000)]
  0x00007fc8b1cd3000 JavaThread "stderr" [_thread_in_native, id=28775, stack(0x000070000474a000,0x000070000484a000)]
  0x00007fc8b5618000 JavaThread "process reaper" daemon [_thread_in_native, id=27375, stack(0x0000700001b9c000,0x0000700001bc4000)]
  0x00007fc8b1b86800 JavaThread "process reaper" daemon [_thread_in_native, id=86027, stack(0x0000700001b71000,0x0000700001b99000)]
  0x00007fc8b5268800 JavaThread "stdout" [_thread_in_native, id=25931, stack(0x0000700004647000,0x0000700004747000)]
  0x00007fc8b0977000 JavaThread "stderr" [_thread_in_native, id=33563, stack(0x0000700004544000,0x0000700004644000)]
  0x00007fc8b53da000 JavaThread "process reaper" daemon [_thread_in_native, id=38687, stack(0x0000700001b46000,0x0000700001b6e000)]
  0x00007fc8b3539000 JavaThread "pool-741-thread-1" [_thread_blocked, id=16055, stack(0x0000700004441000,0x0000700004541000)]
  0x00007fc8b5d0e800 JavaThread "WorkerExecutor Queue Thread 3" [_thread_blocked, id=24591, stack(0x000070000423b000,0x000070000433b000)]
=>0x00007fc8b5f07800 JavaThread "WorkerExecutor Queue Thread 2" [_thread_in_vm, id=28547, stack(0x0000700004138000,0x0000700004238000)]
  0x00007fc8b0eea000 JavaThread "Cache worker for execution history cache (/Users/so/StudioProjects/Go4Lunch/.gradle/5.6.4/executionHistory)" [_thread_blocked, id=29839, stack(0x0000700003e2f000,0x0000700003f2f000)]
  0x00007fc8b362c800 JavaThread "Execution worker for ':' Thread 3" [_thread_blocked, id=30331, stack(0x0000700003d2c000,0x0000700003e2c000)]
  0x00007fc8b364a000 JavaThread "Execution worker for ':' Thread 2" [_thread_blocked, id=31271, stack(0x0000700003c29000,0x0000700003d29000)]
  0x00007fc8b36dc000 JavaThread "Execution worker for ':'" [_thread_blocked, id=35331, stack(0x0000700003b26000,0x0000700003c26000)]
  0x00007fc8b37e1000 JavaThread "Cache worker for file content cache (/Users/so/StudioProjects/Go4Lunch/.gradle/5.6.4/fileContent)" [_thread_blocked, id=34859, stack(0x0000700003a23000,0x0000700003b23000)]
  0x00007fc8b5b4a000 JavaThread "Cache worker for Build Output Cleanup Cache (/Users/so/StudioProjects/Go4Lunch/.gradle/buildOutputCleanup)" [_thread_blocked, id=34411, stack(0x000070000371a000,0x000070000381a000)]
  0x00007fc8b0c21800 JavaThread "Build operations Thread 4" [_thread_blocked, id=19595, stack(0x0000700003617000,0x0000700003717000)]
  0x00007fc8b5b4d800 JavaThread "Build operations Thread 3" [_thread_blocked, id=86971, stack(0x0000700003514000,0x0000700003614000)]
  0x00007fc8b5f96800 JavaThread "Build operations Thread 2" [_thread_blocked, id=29503, stack(0x0000700003411000,0x0000700003511000)]
  0x00007fc8b5ccb000 JavaThread "Build operations" [_thread_blocked, id=39575, stack(0x000070000330e000,0x000070000340e000)]
  0x00007fc8b5332000 JavaThread "Cache worker for cache directory md-rule (/Users/so/.gradle/caches/5.6.4/md-rule)" [_thread_blocked, id=26571, stack(0x0000700003108000,0x0000700003208000)]
  0x00007fc8b2d71800 JavaThread "Cache worker for cache directory md-supplier (/Users/so/.gradle/caches/5.6.4/md-supplier)" [_thread_blocked, id=86607, stack(0x0000700003005000,0x0000700003105000)]
  0x00007fc8b19ad800 JavaThread "Cache worker for file hash cache (/Users/so/StudioProjects/Go4Lunch/.gradle/5.6.4/fileHashes)" [_thread_blocked, id=27895, stack(0x0000700002f02000,0x0000700003002000)]
  0x00007fc8b5b4c000 JavaThread "Thread-8671" [_thread_blocked, id=44803, stack(0x0000700002af6000,0x0000700002bf6000)]
  0x00007fc8b5bf9800 JavaThread "Stdin handler" [_thread_blocked, id=34003, stack(0x00007000029f3000,0x0000700002af3000)]
  0x00007fc8b0e4d000 JavaThread "Asynchronous log dispatcher for DefaultDaemonConnection: socket connection from /127.0.0.1:49430 to /127.0.0.1:58425" [_thread_blocked, id=40739, stack(0x00007000028f0000,0x00007000029f0000)]
  0x00007fc8b5e60000 JavaThread "Daemon worker Thread 307" [_thread_blocked, id=46379, stack(0x00007000027ed000,0x00007000028ed000)]
  0x00007fc8b29ab800 JavaThread "Cancel handler" [_thread_blocked, id=37715, stack(0x00007000026ea000,0x00007000027ea000)]
  0x00007fc8b5bd2000 JavaThread "Handler for socket connection from /127.0.0.1:49430 to /127.0.0.1:58425" [_thread_in_native, id=31515, stack(0x00007000025e7000,0x00007000026e7000)]
  0x00007fc8b1a0a000 JavaThread "Daemon Thread 307" [_thread_blocked, id=42275, stack(0x00007000024e4000,0x00007000025e4000)]
  0x00007fc8b19fc800 JavaThread "Cache worker for Java compile cache (/Users/so/.gradle/caches/5.6.4/javaCompile)" [_thread_blocked, id=36099, stack(0x0000700003f32000,0x0000700004032000)]
  0x00007fc8b201b800 JavaThread "Cache worker for file content cache (/Users/so/.gradle/caches/5.6.4/fileContent)" [_thread_blocked, id=37891, stack(0x0000700003920000,0x0000700003a20000)]
  0x00007fc8adb4f800 JavaThread "Memory manager" [_thread_blocked, id=38403, stack(0x000070000381d000,0x000070000391d000)]
  0x00007fc8b2293000 JavaThread "Cache worker for execution history cache (/Users/so/.gradle/caches/5.6.4/executionHistory)" [_thread_blocked, id=23811, stack(0x000070000320b000,0x000070000330b000)]
  0x00007fc8ae0f4800 JavaThread "Cache worker for journal cache (/Users/so/.gradle/caches/journal-1)" [_thread_blocked, id=23043, stack(0x0000700002dff000,0x0000700002eff000)]
  0x00007fc8ae0f2800 JavaThread "File lock request listener" [_thread_in_native, id=41219, stack(0x0000700002cfc000,0x0000700002dfc000)]
  0x00007fc8ae0f2000 JavaThread "Cache worker for file hash cache (/Users/so/.gradle/caches/5.6.4/fileHashes)" [_thread_blocked, id=22531, stack(0x0000700002bf9000,0x0000700002cf9000)]
  0x00007fc8ae5ac800 JavaThread "Daemon periodic checks" [_thread_blocked, id=14851, stack(0x00007000023e1000,0x00007000024e1000)]
  0x00007fc8ae912000 JavaThread "Incoming local TCP Connector on port 49430" [_thread_in_native, id=16387, stack(0x00007000022de000,0x00007000023de000)]
  0x00007fc8adc5a000 JavaThread "Daemon health stats" [_thread_blocked, id=16643, stack(0x00007000021db000,0x00007000022db000)]
  0x00007fc8ae83d800 JavaThread "Service Thread" daemon [_thread_blocked, id=17411, stack(0x0000700001fd5000,0x00007000020d5000)]
  0x00007fc8ad84a000 JavaThread "C1 CompilerThread2" daemon [_thread_blocked, id=13827, stack(0x0000700001ed2000,0x0000700001fd2000)]
  0x00007fc8ad80c000 JavaThread "C2 CompilerThread1" daemon [_thread_in_native, id=18179, stack(0x0000700001dcf000,0x0000700001ecf000)]
  0x00007fc8ad847800 JavaThread "C2 CompilerThread0" daemon [_thread_blocked, id=18691, stack(0x0000700001ccc000,0x0000700001dcc000)]
  0x00007fc8ad847000 JavaThread "Signal Dispatcher" daemon [_thread_blocked, id=19203, stack(0x0000700001bc9000,0x0000700001cc9000)]
  0x00007fc8ae020800 JavaThread "Finalizer" daemon [_thread_blocked, id=11779, stack(0x00007000019c0000,0x0000700001ac0000)]
  0x00007fc8ae01e000 JavaThread "Reference Handler" daemon [_thread_blocked, id=11267, stack(0x00007000018bd000,0x00007000019bd000)]
  0x00007fc8ad809000 JavaThread "main" [_thread_blocked, id=3331, stack(0x00007000012ab000,0x00007000013ab000)]

Other Threads:
  0x00007fc8ad833800 VMThread [stack: 0x00007000017ba000,0x00007000018ba000] [id=21251]
  0x00007fc8ae06a000 WatcherThread [stack: 0x00007000020d8000,0x00007000021d8000] [id=14083]

VM state:not at safepoint (normal execution)

VM Mutex/Monitor currently owned by a thread: None

heap address: 0x0000000760000000, size: 1536 MB, Compressed Oops mode: Zero based, Oop shift amount: 3
Narrow klass base: 0x0000000000000000, Narrow klass shift: 3
Compressed class space size: 1073741824 Address: 0x00000007c0000000

Heap:
 PSYoungGen      total 352768K, used 199478K [0x00000007a0000000, 0x00000007c0000000, 0x00000007c0000000)
  eden space 210944K, 27% used [0x00000007a0000000,0x00000007a387b380,0x00000007ace00000)
  from space 141824K, 99% used [0x00000007ace00000,0x00000007b5852758,0x00000007b5880000)
  to   space 171520K, 0% used [0x00000007b5880000,0x00000007b5880000,0x00000007c0000000)
 ParOldGen       total 458752K, used 302477K [0x0000000760000000, 0x000000077c000000, 0x00000007a0000000)
  object space 458752K, 65% used [0x0000000760000000,0x00000007727637e0,0x000000077c000000)
 Metaspace       used 191692K, capacity 205138K, committed 223360K, reserved 1236992K
  class space    used 21734K, capacity 25259K, committed 35968K, reserved 1048576K

Card table byte_map: [0x0000000104078000,0x0000000104379000] byte_map_base: 0x0000000100578000

Marking Bits: (ParMarkBitMap*) 0x00000001036273f8
 Begin Bits: [0x0000000104579000, 0x0000000105d79000)
 End Bits:   [0x0000000105d79000, 0x0000000107579000)

Polling page: 0x0000000102581000

CodeCache: size=245760Kb used=147834Kb max_used=156949Kb free=97925Kb
 bounds [0x0000000108d16000, 0x0000000112806000, 0x0000000117d16000]
 total_blobs=38366 nmethods=37406 adapters=868
 compilation: enabled

Compilation events (10 events):
Event: 119799.168 Thread 0x00007fc8ad847800 66648       4       com.android.tools.r8.graph.S::m (9 bytes)
Event: 119799.168 Thread 0x00007fc8ad80c000 nmethod 66646 0x000000010b44bc10 code [0x000000010b44bd60, 0x000000010b44be98]
Event: 119799.169 Thread 0x00007fc8ad847800 nmethod 66648 0x000000010dbcad90 code [0x000000010dbcaee0, 0x000000010dbcaf58]
Event: 119799.180 Thread 0x00007fc8ad84a000 66649       3       com.android.tools.r8.s.a.a.b.E2::get (20 bytes)
Event: 119799.181 Thread 0x00007fc8ad84a000 nmethod 66649 0x000000010b44ad50 code [0x000000010b44aec0, 0x000000010b44b148]
Event: 119799.187 Thread 0x00007fc8ad80c000 66650       4       com.android.tools.r8.shaking.AnnotationRemover::shouldKeepAnnotation (405 bytes)
Event: 119799.188 Thread 0x00007fc8ad84a000 66651       3       com.android.tools.r8.shaking.KeepReason$ReachableFromLiveType::<init> (6 bytes)
Event: 119799.189 Thread 0x00007fc8ad84a000 nmethod 66651 0x000000010db2c650 code [0x000000010db2c7c0, 0x000000010db2ca50]
Event: 119799.189 Thread 0x00007fc8ad84a000 66652       3       com.android.tools.r8.shaking.KeepReason$ReachableFromLiveType::<init> (10 bytes)
Event: 119799.189 Thread 0x00007fc8ad84a000 nmethod 66652 0x000000010d3526d0 code [0x000000010d352840, 0x000000010d352a70]

GC Heap History (10 events):
Event: 119793.590 GC heap before
{Heap before GC invocations=678 (full 17):
 PSYoungGen      total 454656K, used 454637K [0x00000007a0000000, 0x00000007c0000000, 0x00000007c0000000)
  eden space 399360K, 100% used [0x00000007a0000000,0x00000007b8600000,0x00000007b8600000)
  from space 55296K, 99% used [0x00000007bca00000,0x00000007bfffb458,0x00000007c0000000)
  to   space 62464K, 0% used [0x00000007b8600000,0x00000007b8600000,0x00000007bc300000)
 ParOldGen       total 458752K, used 158468K [0x0000000760000000, 0x000000077c000000, 0x00000007a0000000)
  object space 458752K, 34% used [0x0000000760000000,0x0000000769ac1060,0x000000077c000000)
 Metaspace       used 191685K, capacity 205132K, committed 223360K, reserved 1236992K
  class space    used 21734K, capacity 25258K, committed 35968K, reserved 1048576K
Event: 119794.330 GC heap after
Heap after GC invocations=678 (full 17):
 PSYoungGen      total 461824K, used 62440K [0x00000007a0000000, 0x00000007c0000000, 0x00000007c0000000)
  eden space 399360K, 0% used [0x00000007a0000000,0x00000007a0000000,0x00000007b8600000)
  from space 62464K, 99% used [0x00000007b8600000,0x00000007bc2fa0f8,0x00000007bc300000)
  to   space 62464K, 0% used [0x00000007bc300000,0x00000007bc300000,0x00000007c0000000)
 ParOldGen       total 458752K, used 174036K [0x0000000760000000, 0x000000077c000000, 0x00000007a0000000)
  object space 458752K, 37% used [0x0000000760000000,0x000000076a9f53d8,0x000000077c000000)
 Metaspace       used 191685K, capacity 205132K, committed 223360K, reserved 1236992K
  class space    used 21734K, capacity 25258K, committed 35968K, reserved 1048576K
}
Event: 119795.056 GC heap before
{Heap before GC invocations=679 (full 17):
 PSYoungGen      total 461824K, used 461800K [0x00000007a0000000, 0x00000007c0000000, 0x00000007c0000000)
  eden space 399360K, 100% used [0x00000007a0000000,0x00000007b8600000,0x00000007b8600000)
  from space 62464K, 99% used [0x00000007b8600000,0x00000007bc2fa0f8,0x00000007bc300000)
  to   space 62464K, 0% used [0x00000007bc300000,0x00000007bc300000,0x00000007c0000000)
 ParOldGen       total 458752K, used 174036K [0x0000000760000000, 0x000000077c000000, 0x00000007a0000000)
  object space 458752K, 37% used [0x0000000760000000,0x000000076a9f53d8,0x000000077c000000)
 Metaspace       used 191688K, capacity 205138K, committed 223360K, reserved 1236992K
  class space    used 21734K, capacity 25259K, committed 35968K, reserved 1048576K
Event: 119796.722 GC heap after
Heap after GC invocations=679 (full 17):
 PSYoungGen      total 375808K, used 62446K [0x00000007a0000000, 0x00000007c0000000, 0x00000007c0000000)
  eden space 313344K, 0% used [0x00000007a0000000,0x00000007a0000000,0x00000007b3200000)
  from space 62464K, 99% used [0x00000007bc300000,0x00000007bfffbb80,0x00000007c0000000)
  to   space 105472K, 0% used [0x00000007b3200000,0x00000007b3200000,0x00000007b9900000)
 ParOldGen       total 458752K, used 238804K [0x0000000760000000, 0x000000077c000000, 0x00000007a0000000)
  object space 458752K, 52% used [0x0000000760000000,0x000000076e9353c0,0x000000077c000000)
 Metaspace       used 191688K, capacity 205138K, committed 223360K, reserved 1236992K
  class space    used 21734K, capacity 25259K, committed 35968K, reserved 1048576K
}
Event: 119797.021 GC heap before
{Heap before GC invocations=680 (full 17):
 PSYoungGen      total 375808K, used 375790K [0x00000007a0000000, 0x00000007c0000000, 0x00000007c0000000)
  eden space 313344K, 100% used [0x00000007a0000000,0x00000007b3200000,0x00000007b3200000)
  from space 62464K, 99% used [0x00000007bc300000,0x00000007bfffbb80,0x00000007c0000000)
  to   space 105472K, 0% used [0x00000007b3200000,0x00000007b3200000,0x00000007b9900000)
 ParOldGen       total 458752K, used 238804K [0x0000000760000000, 0x000000077c000000, 0x00000007a0000000)
  object space 458752K, 52% used [0x0000000760000000,0x000000076e9353c0,0x000000077c000000)
 Metaspace       used 191688K, capacity 205138K, committed 223360K, reserved 1236992K
  class space    used 21734K, capacity 25259K, committed 35968K, reserved 1048576K
Event: 119797.406 GC heap after
Heap after GC invocations=680 (full 17):
 PSYoungGen      total 418816K, used 105443K [0x00000007a0000000, 0x00000007c0000000, 0x00000007c0000000)
  eden space 313344K, 0% used [0x00000007a0000000,0x00000007a0000000,0x00000007b3200000)
  from space 105472K, 99% used [0x00000007b3200000,0x00000007b98f8cb0,0x00000007b9900000)
  to   space 105472K, 0% used [0x00000007b9900000,0x00000007b9900000,0x00000007c0000000)
 ParOldGen       total 458752K, used 257165K [0x0000000760000000, 0x000000077c000000, 0x00000007a0000000)
  object space 458752K, 56% used [0x0000000760000000,0x000000076fb23418,0x000000077c000000)
 Metaspace       used 191688K, capacity 205138K, committed 223360K, reserved 1236992K
  class space    used 21734K, capacity 25259K, committed 35968K, reserved 1048576K
}
Event: 119797.656 GC heap before
{Heap before GC invocations=681 (full 17):
 PSYoungGen      total 418816K, used 418787K [0x00000007a0000000, 0x00000007c0000000, 0x00000007c0000000)
  eden space 313344K, 100% used [0x00000007a0000000,0x00000007b3200000,0x00000007b3200000)
  from space 105472K, 99% used [0x00000007b3200000,0x00000007b98f8cb0,0x00000007b9900000)
  to   space 105472K, 0% used [0x00000007b9900000,0x00000007b9900000,0x00000007c0000000)
 ParOldGen       total 458752K, used 257165K [0x0000000760000000, 0x000000077c000000, 0x00000007a0000000)
  object space 458752K, 56% used [0x0000000760000000,0x000000076fb23418,0x000000077c000000)
 Metaspace       used 191688K, capacity 205138K, committed 223360K, reserved 1236992K
  class space    used 21734K, capacity 25259K, committed 35968K, reserved 1048576K
Event: 119798.274 GC heap after
Heap after GC invocations=681 (full 17):
 PSYoungGen      total 316416K, used 105446K [0x00000007a0000000, 0x00000007c0000000, 0x00000007c0000000)
  eden space 210944K, 0% used [0x00000007a0000000,0x00000007a0000000,0x00000007ace00000)
  from space 105472K, 99% used [0x00000007b9900000,0x00000007bfff9a98,0x00000007c0000000)
  to   space 156672K, 0% used [0x00000007ace00000,0x00000007ace00000,0x00000007b6700000)
 ParOldGen       total 458752K, used 302445K [0x0000000760000000, 0x000000077c000000, 0x00000007a0000000)
  object space 458752K, 65% used [0x0000000760000000,0x000000077275b7e0,0x000000077c000000)
 Metaspace       used 191688K, capacity 205138K, committed 223360K, reserved 1236992K
  class space    used 21734K, capacity 25259K, committed 35968K, reserved 1048576K
}
Event: 119798.677 GC heap before
{Heap before GC invocations=682 (full 17):
 PSYoungGen      total 316416K, used 316390K [0x00000007a0000000, 0x00000007c0000000, 0x00000007c0000000)
  eden space 210944K, 100% used [0x00000007a0000000,0x00000007ace00000,0x00000007ace00000)
  from space 105472K, 99% used [0x00000007b9900000,0x00000007bfff9a98,0x00000007c0000000)
  to   space 156672K, 0% used [0x00000007ace00000,0x00000007ace00000,0x00000007b6700000)
 ParOldGen       total 458752K, used 302445K [0x0000000760000000, 0x000000077c000000, 0x00000007a0000000)
  object space 458752K, 65% used [0x0000000760000000,0x000000077275b7e0,0x000000077c000000)
 Metaspace       used 191688K, capacity 205138K, committed 223360K, reserved 1236992K
  class space    used 21734K, capacity 25259K, committed 35968K, reserved 1048576K
Event: 119798.869 GC heap after
Heap after GC invocations=682 (full 17):
 PSYoungGen      total 352768K, used 141641K [0x00000007a0000000, 0x00000007c0000000, 0x00000007c0000000)
  eden space 210944K, 0% used [0x00000007a0000000,0x00000007a0000000,0x00000007ace00000)
  from space 141824K, 99% used [0x00000007ace00000,0x00000007b5852758,0x00000007b5880000)
  to   space 171520K, 0% used [0x00000007b5880000,0x00000007b5880000,0x00000007c0000000)
 ParOldGen       total 458752K, used 302477K [0x0000000760000000, 0x000000077c000000, 0x00000007a0000000)
  object space 458752K, 65% used [0x0000000760000000,0x00000007727637e0,0x000000077c000000)
 Metaspace       used 191688K, capacity 205138K, committed 223360K, reserved 1236992K
  class space    used 21734K, capacity 25259K, committed 35968K, reserved 1048576K
}

Deoptimization events (10 events):
Event: 119792.792 Thread 0x00007fc8b5d0e800 Uncommon trap: reason=bimorphic action=maybe_recompile pc=0x000000010f20a2ac method=com.android.tools.r8.ir.regalloc.LinearScanRegisterAllocator.c(Lcom/android/tools/r8/ir/regalloc/a;)Z @ 79
Event: 119792.793 Thread 0x00007fc8b5d0e800 Uncommon trap: reason=bimorphic action=maybe_recompile pc=0x000000010f20a2ac method=com.android.tools.r8.ir.regalloc.LinearScanRegisterAllocator.c(Lcom/android/tools/r8/ir/regalloc/a;)Z @ 79
Event: 119792.793 Thread 0x00007fc8b5d0e800 Uncommon trap: reason=bimorphic action=maybe_recompile pc=0x000000010f20a2ac method=com.android.tools.r8.ir.regalloc.LinearScanRegisterAllocator.c(Lcom/android/tools/r8/ir/regalloc/a;)Z @ 79
Event: 119792.793 Thread 0x00007fc8b5d0e800 Uncommon trap: reason=bimorphic action=maybe_recompile pc=0x000000010ea80b74 method=com.android.tools.r8.ir.regalloc.LinearScanRegisterAllocator.c(Lcom/android/tools/r8/ir/regalloc/a;)Z @ 79
Event: 119792.794 Thread 0x00007fc8b5d0e800 Uncommon trap: reason=bimorphic action=maybe_recompile pc=0x0000000110e9ad5c method=com.android.tools.r8.ir.regalloc.LinearScanRegisterAllocator.c(Lcom/android/tools/r8/ir/regalloc/a;)Z @ 79
Event: 119792.896 Thread 0x00007fc8b5d0e800 Uncommon trap: reason=unstable_if action=reinterpret pc=0x000000010c2948f0 method=com.android.tools.r8.u.b.E0.a(Lcom/android/tools/r8/graph/e;Lcom/android/tools/r8/u/b/T;)Z @ 36
Event: 119793.103 Thread 0x00007fc8b5d0e800 Uncommon trap: reason=unloaded action=reinterpret pc=0x00000001105f0aa8 method=com.android.tools.r8.ir.optimize.h.s(Lcom/android/tools/r8/u/b/T;)V @ 150
Event: 119793.107 Thread 0x00007fc8b5d0e800 Uncommon trap: reason=bimorphic action=maybe_recompile pc=0x000000010e99e698 method=com.android.tools.r8.s.a.a.a.d0.get()Ljava/lang/Object; @ 20
Event: 119793.362 Thread 0x00007fc8b362c800 Uncommon trap: reason=unstable_if action=reinterpret pc=0x000000010ae32368 method=java.util.HashMap.containsValue(Ljava/lang/Object;)Z @ 13
Event: 119798.299 Thread 0x00007fc8b5f07800 Uncommon trap: reason=unstable_if action=reinterpret pc=0x0000000110f2effc method=com.android.tools.r8.utils.A.a(Ljava/util/function/Predicate;)V @ 7

Classes redefined (0 events):
No events

Internal exceptions (10 events):
Event: 119793.259 Thread 0x00007fc8b5d0e800 Exception <a 'sun/nio/fs/UnixException'> (0x00000007ad4d21d0) thrown at [/Volumes/Android/buildbot/src/googleplex-android/openjdk/out/hotspot/src/share/vm/prims/jni.cpp, line 710]
Event: 119793.260 Thread 0x00007fc8b5d0e800 Exception <a 'sun/nio/fs/UnixException'> (0x00000007ad591740) thrown at [/Volumes/Android/buildbot/src/googleplex-android/openjdk/out/hotspot/src/share/vm/prims/jni.cpp, line 710]
Event: 119793.260 Thread 0x00007fc8b5d0e800 Exception <a 'sun/nio/fs/UnixException'> (0x00000007ad5d8f60) thrown at [/Volumes/Android/buildbot/src/googleplex-android/openjdk/out/hotspot/src/share/vm/prims/jni.cpp, line 710]
Event: 119793.261 Thread 0x00007fc8b5d0e800 Exception <a 'sun/nio/fs/UnixException'> (0x00000007ad6201a0) thrown at [/Volumes/Android/buildbot/src/googleplex-android/openjdk/out/hotspot/src/share/vm/prims/jni.cpp, line 710]
Event: 119793.261 Thread 0x00007fc8b5d0e800 Exception <a 'sun/nio/fs/UnixException'> (0x00000007ad6da898) thrown at [/Volumes/Android/buildbot/src/googleplex-android/openjdk/out/hotspot/src/share/vm/prims/jni.cpp, line 710]
Event: 119793.262 Thread 0x00007fc8b5d0e800 Exception <a 'sun/nio/fs/UnixException'> (0x00000007ad7239f8) thrown at [/Volumes/Android/buildbot/src/googleplex-android/openjdk/out/hotspot/src/share/vm/prims/jni.cpp, line 710]
Event: 119793.262 Thread 0x00007fc8b5d0e800 Exception <a 'sun/nio/fs/UnixException'> (0x00000007ad76b318) thrown at [/Volumes/Android/buildbot/src/googleplex-android/openjdk/out/hotspot/src/share/vm/prims/jni.cpp, line 710]
Event: 119793.264 Thread 0x00007fc8b5d0e800 Exception <a 'sun/nio/fs/UnixException'> (0x00000007ad833618) thrown at [/Volumes/Android/buildbot/src/googleplex-android/openjdk/out/hotspot/src/share/vm/prims/jni.cpp, line 710]
Event: 119793.311 Thread 0x00007fc8b364a000 Exception <a 'java/lang/NoSuchMethodError': <clinit>> (0x00000007acfe16d8) thrown at [/Volumes/Android/buildbot/src/googleplex-android/openjdk/out/hotspot/src/share/vm/prims/jni.cpp, line 1615]
Event: 119799.189 Thread 0x00007fc8b5f07800 Implicit null exception at 0x000000010d64d017 to 0x000000010d64e4b0

Events (10 events):
Event: 119797.639 Executing VM operation: RevokeBias done
Event: 119797.655 Executing VM operation: ParallelGCFailedAllocation
Event: 119798.274 Executing VM operation: ParallelGCFailedAllocation done
Event: 119798.299 Thread 0x00007fc8b5f07800 Uncommon trap: trap_request=0xffffff65 fr.pc=0x0000000110f2effc
Event: 119798.299 Thread 0x00007fc8b5f07800 DEOPT PACKING pc=0x0000000110f2effc sp=0x0000700004236850
Event: 119798.299 Thread 0x00007fc8b5f07800 DEOPT UNPACKING pc=0x0000000108d5b47a sp=0x0000700004236800 mode 2
Event: 119798.674 Executing VM operation: ParallelGCFailedAllocation
Event: 119798.869 Executing VM operation: ParallelGCFailedAllocation done
Event: 119799.158 Executing VM operation: RevokeBias
Event: 119799.158 Executing VM operation: RevokeBias done


Dynamic libraries:
0x00007fff2e0e3000 	/System/Library/Frameworks/Cocoa.framework/Versions/A/Cocoa
0x00007fff3b8c0000 	/System/Library/Frameworks/Security.framework/Versions/A/Security
0x00007fff2d04d000 	/System/Library/Frameworks/ApplicationServices.framework/Versions/A/ApplicationServices
0x00007fff6846a000 	/usr/lib/libz.1.dylib
0x00007fff65f2e000 	/usr/lib/libSystem.B.dylib
0x00007fff2ef7e000 	/System/Library/Frameworks/CoreFoundation.framework/Versions/A/CoreFoundation
0x00007fff31634000 	/System/Library/Frameworks/Foundation.framework/Versions/C/Foundation
0x00007fff67d8e000 	/usr/lib/libobjc.A.dylib
0x00007fff2c23e000 	/System/Library/Frameworks/AppKit.framework/Versions/C/AppKit
0x00007fff2ea67000 	/System/Library/Frameworks/CoreData.framework/Versions/A/CoreData
0x00007fff5ff4f000 	/System/Library/PrivateFrameworks/UIFoundation.framework/Versions/A/UIFoundation
0x00007fff5affd000 	/System/Library/PrivateFrameworks/RemoteViewServices.framework/Versions/A/RemoteViewServices
0x00007fff62aa3000 	/System/Library/PrivateFrameworks/XCTTargetBootstrap.framework/Versions/A/XCTTargetBootstrap
0x00007fff2ee52000 	/System/Library/Frameworks/CoreDisplay.framework/Versions/A/CoreDisplay
0x00007fff344ed000 	/System/Library/Frameworks/Metal.framework/Versions/A/Metal
0x00007fff49056000 	/System/Library/PrivateFrameworks/DesktopServicesPriv.framework/Versions/A/DesktopServicesPriv
0x00007fff6706b000 	/usr/lib/liblangid.dylib
0x00007fff482ef000 	/System/Library/PrivateFrameworks/CoreSVG.framework/Versions/A/CoreSVG
0x00007fff5e153000 	/System/Library/PrivateFrameworks/SkyLight.framework/Versions/A/SkyLight
0x00007fff2f3ff000 	/System/Library/Frameworks/CoreGraphics.framework/Versions/A/CoreGraphics
0x00007fff2ac12000 	/System/Library/Frameworks/Accelerate.framework/Versions/A/Accelerate
0x00007fff6835b000 	/usr/lib/libxml2.2.dylib
0x00007fff53faf000 	/System/Library/PrivateFrameworks/IconServices.framework/Versions/A/IconServices
0x00007fff31e13000 	/System/Library/Frameworks/IOSurface.framework/Versions/A/IOSurface
0x00007fff65a58000 	/usr/lib/libDiagnosticMessagesClient.dylib
0x00007fff48eb0000 	/System/Library/PrivateFrameworks/DFRFoundation.framework/Versions/A/DFRFoundation
0x00007fff66dfa000 	/usr/lib/libicucore.A.dylib
0x00007fff2d37f000 	/System/Library/Frameworks/AudioToolbox.framework/Versions/A/AudioToolbox
0x00007fff2d462000 	/System/Library/Frameworks/AudioUnit.framework/Versions/A/AudioUnit
0x00007fff66130000 	/usr/lib/libauto.dylib
0x00007fff48f52000 	/System/Library/PrivateFrameworks/DataDetectorsCore.framework/Versions/A/DataDetectorsCore
0x00007fff2dc04000 	/System/Library/Frameworks/Carbon.framework/Versions/A/Frameworks/HIToolbox.framework/Versions/A/HIToolbox
0x00007fff3aabd000 	/System/Library/Frameworks/QuartzCore.framework/Versions/A/QuartzCore
0x00007fff2df43000 	/System/Library/Frameworks/Carbon.framework/Versions/A/Frameworks/SpeechRecognition.framework/Versions/A/SpeechRecognition
0x00007fff489c7000 	/System/Library/PrivateFrameworks/CoreUI.framework/Versions/A/CoreUI
0x00007fff2e4d2000 	/System/Library/Frameworks/CoreAudio.framework/Versions/A/CoreAudio
0x00007fff312f9000 	/System/Library/Frameworks/DiskArbitration.framework/Versions/A/DiskArbitration
0x00007fff55ffc000 	/System/Library/PrivateFrameworks/MultitouchSupport.framework/Versions/A/MultitouchSupport
0x00007fff66cc1000 	/usr/lib/libenergytrace.dylib
0x00007fff31d6d000 	/System/Library/Frameworks/IOKit.framework/Versions/A/IOKit
0x00007fff30366000 	/System/Library/Frameworks/CoreServices.framework/Versions/A/CoreServices
0x00007fff58193000 	/System/Library/PrivateFrameworks/PerformanceAnalysis.framework/Versions/A/PerformanceAnalysis
0x00007fff39af0000 	/System/Library/Frameworks/OpenGL.framework/Versions/A/OpenGL
0x00007fff2e0f1000 	/System/Library/Frameworks/ColorSync.framework/Versions/A/ColorSync
0x00007fff2fa81000 	/System/Library/Frameworks/CoreImage.framework/Versions/A/CoreImage
0x00007fff30dd8000 	/System/Library/Frameworks/CoreText.framework/Versions/A/CoreText
0x00007fff31ea3000 	/System/Library/Frameworks/ImageIO.framework/Versions/A/ImageIO
0x00007fff66214000 	/usr/lib/libc++.1.dylib
0x00007fff66290000 	/usr/lib/libcompression.dylib
0x00007fff65d9c000 	/usr/lib/libMobileGestalt.dylib
0x00007fff5fcc8000 	/System/Library/PrivateFrameworks/TextureIO.framework/Versions/A/TextureIO
0x00007fff66093000 	/usr/lib/libate.dylib
0x00007fff541b8000 	/System/Library/PrivateFrameworks/InternationalSupport.framework/Versions/A/InternationalSupport
0x00007fff68d2a000 	/usr/lib/system/libcache.dylib
0x00007fff68d30000 	/usr/lib/system/libcommonCrypto.dylib
0x00007fff68d3c000 	/usr/lib/system/libcompiler_rt.dylib
0x00007fff68d44000 	/usr/lib/system/libcopyfile.dylib
0x00007fff68d4e000 	/usr/lib/system/libcorecrypto.dylib
0x00007fff68eed000 	/usr/lib/system/libdispatch.dylib
0x00007fff68f2e000 	/usr/lib/system/libdyld.dylib
0x00007fff68f65000 	/usr/lib/system/libkeymgr.dylib
0x00007fff68f73000 	/usr/lib/system/liblaunch.dylib
0x00007fff68f74000 	/usr/lib/system/libmacho.dylib
0x00007fff68f7a000 	/usr/lib/system/libquarantine.dylib
0x00007fff68f7d000 	/usr/lib/system/libremovefile.dylib
0x00007fff68f7f000 	/usr/lib/system/libsystem_asl.dylib
0x00007fff68f97000 	/usr/lib/system/libsystem_blocks.dylib
0x00007fff68f98000 	/usr/lib/system/libsystem_c.dylib
0x00007fff69020000 	/usr/lib/system/libsystem_configuration.dylib
0x00007fff69024000 	/usr/lib/system/libsystem_coreservices.dylib
0x00007fff69028000 	/usr/lib/system/libsystem_darwin.dylib
0x00007fff69031000 	/usr/lib/system/libsystem_dnssd.dylib
0x00007fff69039000 	/usr/lib/system/libsystem_featureflags.dylib
0x00007fff6903b000 	/usr/lib/system/libsystem_info.dylib
0x00007fff690b6000 	/usr/lib/system/libsystem_m.dylib
0x00007fff690fe000 	/usr/lib/system/libsystem_malloc.dylib
0x00007fff69126000 	/usr/lib/system/libsystem_networkextension.dylib
0x00007fff69134000 	/usr/lib/system/libsystem_notify.dylib
0x00007fff69152000 	/usr/lib/system/libsystem_sandbox.dylib
0x00007fff69157000 	/usr/lib/system/libsystem_secinit.dylib
0x00007fff69089000 	/usr/lib/system/libsystem_kernel.dylib
0x00007fff6913e000 	/usr/lib/system/libsystem_platform.dylib
0x00007fff69147000 	/usr/lib/system/libsystem_pthread.dylib
0x00007fff6915a000 	/usr/lib/system/libsystem_symptoms.dylib
0x00007fff69162000 	/usr/lib/system/libsystem_trace.dylib
0x00007fff6917a000 	/usr/lib/system/libunwind.dylib
0x00007fff69180000 	/usr/lib/system/libxpc.dylib
0x00007fff66267000 	/usr/lib/libc++abi.dylib
0x00007fff6706d000 	/usr/lib/liblzma.5.dylib
0x00007fff66ce8000 	/usr/lib/libfakelink.dylib
0x00007fff66020000 	/usr/lib/libarchive.2.dylib
0x00007fff3c970000 	/System/Library/Frameworks/SystemConfiguration.framework/Versions/A/SystemConfiguration
0x00007fff6598b000 	/usr/lib/libCRFSuite.dylib
0x00007fff2d7f5000 	/System/Library/Frameworks/CFNetwork.framework/Versions/A/CFNetwork
0x00007fff661f6000 	/usr/lib/libbsm.0.dylib
0x00007fff68f66000 	/usr/lib/system/libkxld.dylib
0x00007fff42885000 	/System/Library/PrivateFrameworks/AppleFSCompression.framework/Versions/A/AppleFSCompression
0x00007fff66581000 	/usr/lib/libcoretls.dylib
0x00007fff66598000 	/usr/lib/libcoretls_cfhelpers.dylib
0x00007fff67dd4000 	/usr/lib/libpam.2.dylib
0x00007fff67f09000 	/usr/lib/libsqlite3.dylib
0x00007fff68348000 	/usr/lib/libxar.1.dylib
0x00007fff66207000 	/usr/lib/libbz2.1.0.dylib
0x00007fff66d09000 	/usr/lib/libiconv.2.dylib
0x00007fff6627d000 	/usr/lib/libcharset.1.dylib
0x00007fff67873000 	/usr/lib/libnetwork.dylib
0x00007fff67ddb000 	/usr/lib/libpcap.A.dylib
0x00007fff65fd5000 	/usr/lib/libapple_nghttp2.dylib
0x00007fff3071d000 	/System/Library/Frameworks/CoreServices.framework/Versions/A/Frameworks/FSEvents.framework/Versions/A/FSEvents
0x00007fff303ed000 	/System/Library/Frameworks/CoreServices.framework/Versions/A/Frameworks/CarbonCore.framework/Versions/A/CarbonCore
0x00007fff30960000 	/System/Library/Frameworks/CoreServices.framework/Versions/A/Frameworks/Metadata.framework/Versions/A/Metadata
0x00007fff309f9000 	/System/Library/Frameworks/CoreServices.framework/Versions/A/Frameworks/OSServices.framework/Versions/A/OSServices
0x00007fff30a27000 	/System/Library/Frameworks/CoreServices.framework/Versions/A/Frameworks/SearchKit.framework/Versions/A/SearchKit
0x00007fff30367000 	/System/Library/Frameworks/CoreServices.framework/Versions/A/Frameworks/AE.framework/Versions/A/AE
0x00007fff30726000 	/System/Library/Frameworks/CoreServices.framework/Versions/A/Frameworks/LaunchServices.framework/Versions/A/LaunchServices
0x00007fff306cf000 	/System/Library/Frameworks/CoreServices.framework/Versions/A/Frameworks/DictionaryServices.framework/Versions/A/DictionaryServices
0x00007fff30a8f000 	/System/Library/Frameworks/CoreServices.framework/Versions/A/Frameworks/SharedFileList.framework/Versions/A/SharedFileList
0x00007fff35910000 	/System/Library/Frameworks/NetFS.framework/Versions/A/NetFS
0x00007fff5652b000 	/System/Library/PrivateFrameworks/NetAuth.framework/Versions/A/NetAuth
0x00007fff62e70000 	/System/Library/PrivateFrameworks/login.framework/Versions/A/Frameworks/loginsupport.framework/Versions/A/loginsupport
0x00007fff5f795000 	/System/Library/PrivateFrameworks/TCC.framework/Versions/A/TCC
0x00007fff47462000 	/System/Library/PrivateFrameworks/CoreNLP.framework/Versions/A/CoreNLP
0x00007fff55a2a000 	/System/Library/PrivateFrameworks/MetadataUtilities.framework/Versions/A/MetadataUtilities
0x00007fff67145000 	/usr/lib/libmecabra.dylib
0x00007fff6709d000 	/usr/lib/libmecab.dylib
0x00007fff66cf9000 	/usr/lib/libgermantok.dylib
0x00007fff65fbc000 	/usr/lib/libThaiTokenizer.dylib
0x00007fff659c2000 	/usr/lib/libChineseTokenizer.dylib
0x00007fff2ac2a000 	/System/Library/Frameworks/Accelerate.framework/Versions/A/Frameworks/vImage.framework/Versions/A/vImage
0x00007fff2c094000 	/System/Library/Frameworks/Accelerate.framework/Versions/A/Frameworks/vecLib.framework/Versions/A/vecLib
0x00007fff2bfd1000 	/System/Library/Frameworks/Accelerate.framework/Versions/A/Frameworks/vecLib.framework/Versions/A/libvMisc.dylib
0x00007fff2bdf9000 	/System/Library/Frameworks/Accelerate.framework/Versions/A/Frameworks/vecLib.framework/Versions/A/libvDSP.dylib
0x00007fff2b281000 	/System/Library/Frameworks/Accelerate.framework/Versions/A/Frameworks/vecLib.framework/Versions/A/libBLAS.dylib
0x00007fff2b9bd000 	/System/Library/Frameworks/Accelerate.framework/Versions/A/Frameworks/vecLib.framework/Versions/A/libLAPACK.dylib
0x00007fff2bd59000 	/System/Library/Frameworks/Accelerate.framework/Versions/A/Frameworks/vecLib.framework/Versions/A/libLinearAlgebra.dylib
0x00007fff2bde6000 	/System/Library/Frameworks/Accelerate.framework/Versions/A/Frameworks/vecLib.framework/Versions/A/libSparseBLAS.dylib
0x00007fff2bd6f000 	/System/Library/Frameworks/Accelerate.framework/Versions/A/Frameworks/vecLib.framework/Versions/A/libQuadrature.dylib
0x00007fff2b4e9000 	/System/Library/Frameworks/Accelerate.framework/Versions/A/Frameworks/vecLib.framework/Versions/A/libBNNS.dylib
0x00007fff2bd75000 	/System/Library/Frameworks/Accelerate.framework/Versions/A/Frameworks/vecLib.framework/Versions/A/libSparse.dylib
0x00007fff545a0000 	/System/Library/PrivateFrameworks/LanguageModeling.framework/Versions/A/LanguageModeling
0x00007fff46e12000 	/System/Library/PrivateFrameworks/CoreEmoji.framework/Versions/A/CoreEmoji
0x00007fff546be000 	/System/Library/PrivateFrameworks/LinguisticData.framework/Versions/A/LinguisticData
0x00007fff5466f000 	/System/Library/PrivateFrameworks/Lexicon.framework/Versions/A/Lexicon
0x00007fff6627e000 	/usr/lib/libcmph.dylib
0x00007fff384fe000 	/System/Library/Frameworks/OpenDirectory.framework/Versions/A/Frameworks/CFOpenDirectory.framework/Versions/A/CFOpenDirectory
0x00007fff3851b000 	/System/Library/Frameworks/OpenDirectory.framework/Versions/A/OpenDirectory
0x00007fff4093b000 	/System/Library/PrivateFrameworks/APFS.framework/Versions/A/APFS
0x00007fff3bc0a000 	/System/Library/Frameworks/SecurityFoundation.framework/Versions/A/SecurityFoundation
0x00007fff68344000 	/usr/lib/libutil.dylib
0x00007fff48347000 	/System/Library/PrivateFrameworks/CoreServicesStore.framework/Versions/A/CoreServicesStore
0x00007fff3bcc1000 	/System/Library/Frameworks/ServiceManagement.framework/Versions/A/ServiceManagement
0x00007fff44053000 	/System/Library/PrivateFrameworks/BackgroundTaskManagement.framework/Versions/A/BackgroundTaskManagement
0x00007fff68441000 	/usr/lib/libxslt.1.dylib
0x00007fff42ef7000 	/System/Library/PrivateFrameworks/AppleSystemInfo.framework/Versions/A/AppleSystemInfo
0x00007fff320be000 	/System/Library/Frameworks/ImageIO.framework/Versions/A/Resources/libJPEG.dylib
0x00007fff3237a000 	/System/Library/Frameworks/ImageIO.framework/Versions/A/Resources/libTIFF.dylib
0x00007fff3235d000 	/System/Library/Frameworks/ImageIO.framework/Versions/A/Resources/libPng.dylib
0x00007fff32000000 	/System/Library/Frameworks/ImageIO.framework/Versions/A/Resources/libGIF.dylib
0x00007fff32004000 	/System/Library/Frameworks/ImageIO.framework/Versions/A/Resources/libJP2.dylib
0x00007fff32378000 	/System/Library/Frameworks/ImageIO.framework/Versions/A/Resources/libRadiance.dylib
0x00007fff66cc2000 	/usr/lib/libexpat.1.dylib
0x00007fff429e0000 	/System/Library/PrivateFrameworks/AppleJPEG.framework/Versions/A/AppleJPEG
0x00007fff4b622000 	/System/Library/PrivateFrameworks/FontServices.framework/libFontParser.dylib
0x00007fff61e76000 	/System/Library/PrivateFrameworks/WatchdogClient.framework/Versions/A/WatchdogClient
0x00007fff53bfc000 	/System/Library/PrivateFrameworks/IOAccelerator.framework/Versions/A/IOAccelerator
0x00007fff34888000 	/System/Library/Frameworks/MetalPerformanceShaders.framework/Versions/A/MetalPerformanceShaders
0x00007fff50395000 	/System/Library/PrivateFrameworks/GPUWrangler.framework/Versions/A/GPUWrangler
0x00007fff53c11000 	/System/Library/PrivateFrameworks/IOPresentment.framework/Versions/A/IOPresentment
0x00007fff48ec3000 	/System/Library/PrivateFrameworks/DSExternalDisplay.framework/Versions/A/DSExternalDisplay
0x00007fff38e8f000 	/System/Library/Frameworks/OpenGL.framework/Versions/A/Libraries/libCoreFSCache.dylib
0x00007fff345d4000 	/System/Library/Frameworks/MetalPerformanceShaders.framework/Frameworks/MPSCore.framework/Versions/A/MPSCore
0x00007fff34612000 	/System/Library/Frameworks/MetalPerformanceShaders.framework/Frameworks/MPSImage.framework/Versions/A/MPSImage
0x00007fff346d9000 	/System/Library/Frameworks/MetalPerformanceShaders.framework/Frameworks/MPSNeuralNetwork.framework/Versions/A/MPSNeuralNetwork
0x00007fff3469d000 	/System/Library/Frameworks/MetalPerformanceShaders.framework/Frameworks/MPSMatrix.framework/Versions/A/MPSMatrix
0x00007fff34838000 	/System/Library/Frameworks/MetalPerformanceShaders.framework/Frameworks/MPSRayIntersector.framework/Versions/A/MPSRayIntersector
0x00007fff346c3000 	/System/Library/Frameworks/MetalPerformanceShaders.framework/Frameworks/MPSNDArray.framework/Versions/A/MPSNDArray
0x00007fff55a77000 	/System/Library/PrivateFrameworks/MetalTools.framework/Versions/A/MetalTools
0x00007fff41b0d000 	/System/Library/PrivateFrameworks/AggregateDictionary.framework/Versions/A/AggregateDictionary
0x00007fff4686c000 	/System/Library/PrivateFrameworks/CoreAnalytics.framework/Versions/A/CoreAnalytics
0x00007fff42e16000 	/System/Library/PrivateFrameworks/AppleSauce.framework/Versions/A/AppleSauce
0x00007fff65c7e000 	/usr/lib/libIOReport.dylib
0x00007fff30f90000 	/System/Library/Frameworks/CoreVideo.framework/Versions/A/CoreVideo
0x00007fff5180f000 	/System/Library/PrivateFrameworks/GraphVisualizer.framework/Versions/A/GraphVisualizer
0x00007fff4ab76000 	/System/Library/PrivateFrameworks/FaceCore.framework/Versions/A/FaceCore
0x00007fff384a5000 	/System/Library/Frameworks/OpenCL.framework/Versions/A/OpenCL
0x00007fff65aa0000 	/usr/lib/libFosl_dynamic.dylib
0x00007fff56f40000 	/System/Library/PrivateFrameworks/OTSVG.framework/Versions/A/OTSVG
0x00007fff2d152000 	/System/Library/Frameworks/ApplicationServices.framework/Versions/A/Frameworks/ATS.framework/Versions/A/Resources/libFontRegistry.dylib
0x00007fff4b7f3000 	/System/Library/PrivateFrameworks/FontServices.framework/libhvf.dylib
0x00007fff38e9a000 	/System/Library/Frameworks/OpenGL.framework/Versions/A/Libraries/libGFXShared.dylib
0x00007fff39078000 	/System/Library/Frameworks/OpenGL.framework/Versions/A/Libraries/libGLU.dylib
0x00007fff38ea3000 	/System/Library/Frameworks/OpenGL.framework/Versions/A/Libraries/libGL.dylib
0x00007fff38eae000 	/System/Library/Frameworks/OpenGL.framework/Versions/A/Libraries/libGLImage.dylib
0x00007fff38e8c000 	/System/Library/Frameworks/OpenGL.framework/Versions/A/Libraries/libCVMSPluginSupport.dylib
0x00007fff38e95000 	/System/Library/Frameworks/OpenGL.framework/Versions/A/Libraries/libCoreVMClient.dylib
0x00007fff67714000 	/usr/lib/libncurses.5.4.dylib
0x00007fff2d04e000 	/System/Library/Frameworks/ApplicationServices.framework/Versions/A/Frameworks/ATS.framework/Versions/A/ATS
0x00007fff2d21b000 	/System/Library/Frameworks/ApplicationServices.framework/Versions/A/Frameworks/ColorSyncLegacy.framework/Versions/A/ColorSyncLegacy
0x00007fff2d2b9000 	/System/Library/Frameworks/ApplicationServices.framework/Versions/A/Frameworks/HIServices.framework/Versions/A/HIServices
0x00007fff2d311000 	/System/Library/Frameworks/ApplicationServices.framework/Versions/A/Frameworks/LangAnalysis.framework/Versions/A/LangAnalysis
0x00007fff2d320000 	/System/Library/Frameworks/ApplicationServices.framework/Versions/A/Frameworks/PrintCore.framework/Versions/A/PrintCore
0x00007fff2d366000 	/System/Library/Frameworks/ApplicationServices.framework/Versions/A/Frameworks/QD.framework/Versions/A/QD
0x00007fff2d371000 	/System/Library/Frameworks/ApplicationServices.framework/Versions/A/Frameworks/SpeechSynthesis.framework/Versions/A/SpeechSynthesis
0x00007fff2d1eb000 	/System/Library/Frameworks/ApplicationServices.framework/Versions/A/Frameworks/ATSUI.framework/Versions/A/ATSUI
0x00007fff66b56000 	/usr/lib/libcups.2.dylib
0x00007fff33925000 	/System/Library/Frameworks/Kerberos.framework/Versions/A/Kerberos
0x00007fff31a66000 	/System/Library/Frameworks/GSS.framework/Versions/A/GSS
0x00007fff67e95000 	/usr/lib/libresolv.9.dylib
0x00007fff519bd000 	/System/Library/PrivateFrameworks/Heimdal.framework/Versions/A/Heimdal
0x00007fff33938000 	/System/Library/Frameworks/Kerberos.framework/Versions/A/Libraries/libHeimdalProxy.dylib
0x00007fff66cff000 	/usr/lib/libheimdal-asn1.dylib
0x00007fff45d05000 	/System/Library/PrivateFrameworks/CommonAuth.framework/Versions/A/CommonAuth
0x00007fff42f94000 	/System/Library/PrivateFrameworks/AssertionServices.framework/Versions/A/AssertionServices
0x00007fff43b36000 	/System/Library/PrivateFrameworks/AudioToolboxCore.framework/Versions/A/AudioToolboxCore
0x00007fff62b20000 	/System/Library/PrivateFrameworks/caulk.framework/Versions/A/caulk
0x00007fff440ff000 	/System/Library/PrivateFrameworks/BaseBoard.framework/Versions/A/BaseBoard
0x00007fff5b18b000 	/System/Library/PrivateFrameworks/RunningBoardServices.framework/Versions/A/RunningBoardServices
0x00007fff5819f000 	/System/Library/PrivateFrameworks/PersistentConnection.framework/Versions/A/PersistentConnection
0x00007fff5ab85000 	/System/Library/PrivateFrameworks/ProtocolBuffer.framework/Versions/A/ProtocolBuffer
0x00007fff45d29000 	/System/Library/PrivateFrameworks/CommonUtilities.framework/Versions/A/CommonUtilities
0x00007fff4428d000 	/System/Library/PrivateFrameworks/Bom.framework/Versions/A/Bom
0x00007fff65951000 	/usr/lib/libAudioToolboxUtility.dylib
0x00007fff4405d000 	/System/Library/PrivateFrameworks/Backup.framework/Versions/A/Backup
0x00007fff48de4000 	/System/Library/PrivateFrameworks/CrashReporterSupport.framework/Versions/A/CrashReporterSupport
0x00007fff5cc19000 	/System/Library/PrivateFrameworks/Sharing.framework/Versions/A/Sharing
0x00007fff425a3000 	/System/Library/PrivateFrameworks/Apple80211.framework/Versions/A/Apple80211
0x00007fff43d7a000 	/System/Library/PrivateFrameworks/AuthKit.framework/Versions/A/AuthKit
0x00007fff48af4000 	/System/Library/PrivateFrameworks/CoreUtils.framework/Versions/A/CoreUtils
0x00007fff30fd5000 	/System/Library/Frameworks/CoreWLAN.framework/Versions/A/CoreWLAN
0x00007fff31bf3000 	/System/Library/Frameworks/IOBluetooth.framework/Versions/A/IOBluetooth
0x00007fff55d7b000 	/System/Library/PrivateFrameworks/MobileKeyBag.framework/Versions/A/MobileKeyBag
0x00007fff478fa000 	/System/Library/PrivateFrameworks/CorePhoneNumbers.framework/Versions/A/CorePhoneNumbers
0x00007fff42993000 	/System/Library/PrivateFrameworks/AppleIDAuthSupport.framework/Versions/A/AppleIDAuthSupport
0x00007fff3591d000 	/System/Library/Frameworks/Network.framework/Versions/A/Network
0x00007fff5444c000 	/System/Library/PrivateFrameworks/KeychainCircle.framework/Versions/A/KeychainCircle
0x00007fff2ea2e000 	/System/Library/Frameworks/CoreBluetooth.framework/Versions/A/CoreBluetooth
0x00007fff5ec96000 	/System/Library/PrivateFrameworks/SpeechRecognitionCore.framework/Versions/A/SpeechRecognitionCore
0x0000000102e00000 	/private/var/folders/bp/_459t3116k392bcszwvrj3dr0000gn/T/AppTranslocation/CBA94AC6-25C9-42E8-8C82-32051B04DDA0/d/Android Studio 4.0 Preview.app/Contents/jre/jdk/Contents/Home/jre/lib/server/libjvm.dylib
0x00007fff68217000 	/usr/lib/libstdc++.6.dylib
0x0000000102525000 	/private/var/folders/bp/_459t3116k392bcszwvrj3dr0000gn/T/AppTranslocation/CBA94AC6-25C9-42E8-8C82-32051B04DDA0/d/Android Studio 4.0 Preview.app/Contents/jre/jdk/Contents/Home/jre/lib/libverify.dylib
0x0000000102537000 	/private/var/folders/bp/_459t3116k392bcszwvrj3dr0000gn/T/AppTranslocation/CBA94AC6-25C9-42E8-8C82-32051B04DDA0/d/Android Studio 4.0 Preview.app/Contents/jre/jdk/Contents/Home/jre/lib/libjava.dylib
0x00000001025cb000 	/private/var/folders/bp/_459t3116k392bcszwvrj3dr0000gn/T/AppTranslocation/CBA94AC6-25C9-42E8-8C82-32051B04DDA0/d/Android Studio 4.0 Preview.app/Contents/jre/jdk/Contents/Home/jre/lib/libzip.dylib
0x0000000119fc5000 	/private/var/folders/bp/_459t3116k392bcszwvrj3dr0000gn/T/AppTranslocation/CBA94AC6-25C9-42E8-8C82-32051B04DDA0/d/Android Studio 4.0 Preview.app/Contents/jre/jdk/Contents/Home/jre/lib/libnio.dylib
0x0000000119fe0000 	/private/var/folders/bp/_459t3116k392bcszwvrj3dr0000gn/T/AppTranslocation/CBA94AC6-25C9-42E8-8C82-32051B04DDA0/d/Android Studio 4.0 Preview.app/Contents/jre/jdk/Contents/Home/jre/lib/libnet.dylib
0x000000011a109000 	/Users/so/.gradle/native/30/osx-amd64/libnative-platform.dylib
0x000000011a99d000 	/private/var/folders/bp/_459t3116k392bcszwvrj3dr0000gn/T/AppTranslocation/CBA94AC6-25C9-42E8-8C82-32051B04DDA0/d/Android Studio 4.0 Preview.app/Contents/jre/jdk/Contents/Home/jre/lib/libmanagement.dylib
0x000000011d82e000 	/private/var/folders/bp/_459t3116k392bcszwvrj3dr0000gn/T/AppTranslocation/CBA94AC6-25C9-42E8-8C82-32051B04DDA0/d/Android Studio 4.0 Preview.app/Contents/jre/jdk/Contents/Home/jre/lib/libsunec.dylib
0x00007fff682e9000 	/usr/lib/libusrtcp.dylib

VM Arguments:
jvm_args: -Xmx1536m -Dfile.encoding=UTF-8 -Duser.country=FR -Duser.language=fr -Duser.variant 
java_command: org.gradle.launcher.daemon.bootstrap.GradleDaemon 5.6.4
java_class_path (initial): /Users/so/.gradle/wrapper/dists/gradle-5.6.4-all/ankdp27end7byghfw1q2sw75f/gradle-5.6.4/lib/gradle-launcher-5.6.4.jar
Launcher Type: SUN_STANDARD

Environment Variables:
PATH=/usr/local/bin:/usr/bin:/bin:/usr/sbin:/sbin:/Library/Apple/usr/bin
SHELL=/bin/zsh

Signal Handlers:
SIGSEGV: [libjvm.dylib+0x565c43], sa_mask[0]=11111111011111110111111111111111, sa_flags=SA_ONSTACK|SA_RESTART|SA_SIGINFO
SIGBUS: [libjvm.dylib+0x565c43], sa_mask[0]=11111111011111110111111111111111, sa_flags=SA_RESTART|SA_SIGINFO
SIGFPE: [libjvm.dylib+0x45dd9d], sa_mask[0]=11111111011111110111111111111111, sa_flags=SA_RESTART|SA_SIGINFO
SIGPIPE: [libjvm.dylib+0x45dd9d], sa_mask[0]=11111111011111110111111111111111, sa_flags=SA_RESTART|SA_SIGINFO
SIGXFSZ: [libjvm.dylib+0x45dd9d], sa_mask[0]=11111111011111110111111111111111, sa_flags=SA_RESTART|SA_SIGINFO
SIGILL: [libjvm.dylib+0x45dd9d], sa_mask[0]=11111111011111110111111111111111, sa_flags=SA_RESTART|SA_SIGINFO
SIGUSR1: SIG_DFL, sa_mask[0]=00000000000000000000000000000000, sa_flags=none
SIGUSR2: [libjvm.dylib+0x45e69c], sa_mask[0]=00100000000000000000000000000000, sa_flags=SA_RESTART|SA_SIGINFO
SIGHUP: [libjvm.dylib+0x45c8c1], sa_mask[0]=11111111011111110111111111111111, sa_flags=SA_RESTART|SA_SIGINFO
SIGINT: [libjvm.dylib+0x45c8c1], sa_mask[0]=11111111011111110111111111111111, sa_flags=SA_RESTART|SA_SIGINFO
SIGTERM: [libjvm.dylib+0x45c8c1], sa_mask[0]=11111111011111110111111111111111, sa_flags=SA_RESTART|SA_SIGINFO
SIGQUIT: [libjvm.dylib+0x45c8c1], sa_mask[0]=11111111011111110111111111111111, sa_flags=SA_RESTART|SA_SIGINFO


---------------  S Y S T E M  ---------------

OS:Bsduname:Darwin 19.4.0 Darwin Kernel Version 19.4.0: Wed Mar  4 22:28:40 PST 2020; root:xnu-6153.101.6~15/RELEASE_X86_64 x86_64
rlimit: STACK 8192k, CORE 0k, NPROC 1392, NOFILE 10240, AS infinity
load average:3.07 3.14 3.01

CPU:total 4 (initial active 4) (2 cores per cpu, 2 threads per core) family 6 model 61 stepping 4, cmov, cx8, fxsr, mmx, sse, sse2, sse3, ssse3, sse4.1, sse4.2, popcnt, avx, avx2, aes, clmul, erms, 3dnowpref, lzcnt, ht, tsc, tscinvbit, bmi1, bmi2, adx

Memory: 4k page, physical 8388608k(23116k free)

/proc/meminfo:


vm_info: OpenJDK 64-Bit Server VM (25.242-b3-6222593) for bsd-amd64 JRE (1.8.0_242-release-1644-b3-6222593), built by "android-build" with gcc 4.2.1 Compatible Android (5484270 based on r353983c) Clang 9.0.3 (https://android.googlesource.com/toolchain/clang 745b335211bb9eadfa6aa6301f84715cee4b37c5) (https://android.googlesource.com/toolchain/llvm 60cf23e54e46c807513f7a36d0a7b777920b5881)

time: Fri May  8 23:57:40 2020
timezone: CEST
elapsed time: 119799 seconds (1d 9h 16m 39s)

